<?xml version="1.0" encoding="UTF-8"?>
<testng-results ignored="1" total="254" passed="240" failed="2" skipped="11">
  <reporter-output>
  </reporter-output>
  <suite started-at="2023-07-11T14:10:01 IST" name="Suite" finished-at="2023-07-11T14:17:43 IST" duration-ms="461800">
    <groups>
      <group name="activityugcreview">
        <method signature="ReviewControllerGetApi.getExternalReview()[pri:0, instance:com.ripplestreet.AllGetApis.ReviewControllerGetApi@31add175]" name="getExternalReview" class="com.ripplestreet.AllGetApis.ReviewControllerGetApi"/>
        <method signature="ReviewControllerGetApi.getReview()[pri:0, instance:com.ripplestreet.AllGetApis.ReviewControllerGetApi@31add175]" name="getReview" class="com.ripplestreet.AllGetApis.ReviewControllerGetApi"/>
        <method signature="ReviewControllerGetApi.getReviewsByTaskId()[pri:0, instance:com.ripplestreet.AllGetApis.ReviewControllerGetApi@31add175]" name="getReviewsByTaskId" class="com.ripplestreet.AllGetApis.ReviewControllerGetApi"/>
        <method signature="SocialShareControllerGetApi.getAllReviews()[pri:0, instance:com.ripplestreet.AllGetApis.SocialShareControllerGetApi@44d52de2]" name="getAllReviews" class="com.ripplestreet.AllGetApis.SocialShareControllerGetApi"/>
        <method signature="SocialShareControllerGetApi.getReview()[pri:0, instance:com.ripplestreet.AllGetApis.SocialShareControllerGetApi@44d52de2]" name="getReview" class="com.ripplestreet.AllGetApis.SocialShareControllerGetApi"/>
        <method signature="UgcControllerGetApi.downloadAsset()[pri:0, instance:com.ripplestreet.AllGetApis.UgcControllerGetApi@609db546]" name="downloadAsset" class="com.ripplestreet.AllGetApis.UgcControllerGetApi"/>
        <method signature="UgcControllerGetApi.downloadAssetByURL()[pri:0, instance:com.ripplestreet.AllGetApis.UgcControllerGetApi@609db546]" name="downloadAssetByURL" class="com.ripplestreet.AllGetApis.UgcControllerGetApi"/>
        <method signature="UgcControllerGetApi.getImageRecognitionResponse()[pri:0, instance:com.ripplestreet.AllGetApis.UgcControllerGetApi@609db546]" name="getImageRecognitionResponse" class="com.ripplestreet.AllGetApis.UgcControllerGetApi"/>
        <method signature="UgcControllerGetApi.getUgcDetailsById()[pri:0, instance:com.ripplestreet.AllGetApis.UgcControllerGetApi@609db546]" name="getUgcDetailsById" class="com.ripplestreet.AllGetApis.UgcControllerGetApi"/>
        <method signature="UgcControllerGetApi.getUgcDetailsByTaskId()[pri:0, instance:com.ripplestreet.AllGetApis.UgcControllerGetApi@609db546]" name="getUgcDetailsByTaskId" class="com.ripplestreet.AllGetApis.UgcControllerGetApi"/>
        <method signature="DiscussionControllerPutApi.updateAdminDiscussion()[pri:0, instance:com.ripplestreet.AllPutApis.DiscussionControllerPutApi@be68757]" name="updateAdminDiscussion" class="com.ripplestreet.AllPutApis.DiscussionControllerPutApi"/>
        <method signature="reviewControllerPutApi.updateExternalReview()[pri:0, instance:com.ripplestreet.AllPutApis.reviewControllerPutApi@181e731e]" name="updateExternalReview" class="com.ripplestreet.AllPutApis.reviewControllerPutApi"/>
      </group> <!-- activityugcreview -->
      <group name="gamification">
        <method signature="CouponControllerGetApi.getCouponsByActivityId()[pri:0, instance:com.ripplestreet.AllGetApis.CouponControllerGetApi@51133c06]" name="getCouponsByActivityId" class="com.ripplestreet.AllGetApis.CouponControllerGetApi"/>
        <method signature="GameControllerGetApi.GetGameTrackerRedisObjByGameId()[pri:0, instance:com.ripplestreet.AllGetApis.GameControllerGetApi@4e423aa2]" name="GetGameTrackerRedisObjByGameId" class="com.ripplestreet.AllGetApis.GameControllerGetApi"/>
        <method signature="GameControllerGetApi.getAllgames()[pri:0, instance:com.ripplestreet.AllGetApis.GameControllerGetApi@4e423aa2]" name="getAllgames" class="com.ripplestreet.AllGetApis.GameControllerGetApi"/>
        <method signature="GameControllerGetApi.getGameBygameId()[pri:0, instance:com.ripplestreet.AllGetApis.GameControllerGetApi@4e423aa2]" name="getGameBygameId" class="com.ripplestreet.AllGetApis.GameControllerGetApi"/>
        <method signature="GameControllerGetApi.getWinningoptionBasedOnTheProbability()[pri:0, instance:com.ripplestreet.AllGetApis.GameControllerGetApi@4e423aa2]" name="getWinningoptionBasedOnTheProbability" class="com.ripplestreet.AllGetApis.GameControllerGetApi"/>
        <method signature="gameOptionControllerGetApi.getGameOptionBySlug()[pri:0, instance:com.ripplestreet.AllGetApis.gameOptionControllerGetApi@1bd39d3c]" name="getGameOptionBySlug" class="com.ripplestreet.AllGetApis.gameOptionControllerGetApi"/>
        <method signature="gameOptionControllerGetApi.getListOfOptionsByGameId()[pri:0, instance:com.ripplestreet.AllGetApis.gameOptionControllerGetApi@1bd39d3c]" name="getListOfOptionsByGameId" class="com.ripplestreet.AllGetApis.gameOptionControllerGetApi"/>
        <method signature="GameOptionsControllertPutApi.updateOptionById()[pri:0, instance:com.ripplestreet.AllPutApis.GameOptionsControllertPutApi@436c81a3]" name="updateOptionById" class="com.ripplestreet.AllPutApis.GameOptionsControllertPutApi"/>
      </group> <!-- gamification -->
      <group name="notification">
        <method signature="NotificationControllerGetApi.GetCampaignByNotificationId()[pri:0, instance:com.ripplestreet.AllGetApis.NotificationControllerGetApi@74a6f9c1]" name="GetCampaignByNotificationId" class="com.ripplestreet.AllGetApis.NotificationControllerGetApi"/>
        <method signature="NotificationControllerGetApi.GetKPIMatrixByCampaignId()[pri:0, instance:com.ripplestreet.AllGetApis.NotificationControllerGetApi@74a6f9c1]" name="GetKPIMatrixByCampaignId" class="com.ripplestreet.AllGetApis.NotificationControllerGetApi"/>
        <method signature="NotificationControllerGetApi.GetStatusByNotificationId()[pri:0, instance:com.ripplestreet.AllGetApis.NotificationControllerGetApi@74a6f9c1]" name="GetStatusByNotificationId" class="com.ripplestreet.AllGetApis.NotificationControllerGetApi"/>
        <method signature="NotificationControllerGetApi.SearchCampaignforNotification()[pri:0, instance:com.ripplestreet.AllGetApis.NotificationControllerGetApi@74a6f9c1]" name="SearchCampaignforNotification" class="com.ripplestreet.AllGetApis.NotificationControllerGetApi"/>
        <method signature="NotificationControllerGetApi.getAllNotification()[pri:0, instance:com.ripplestreet.AllGetApis.NotificationControllerGetApi@74a6f9c1]" name="getAllNotification" class="com.ripplestreet.AllGetApis.NotificationControllerGetApi"/>
        <method signature="NotificationControllerGetApi.isEmailExistInSuppressionList()[pri:0, instance:com.ripplestreet.AllGetApis.NotificationControllerGetApi@74a6f9c1]" name="isEmailExistInSuppressionList" class="com.ripplestreet.AllGetApis.NotificationControllerGetApi"/>
        <method signature="PreSignedURLControllerGetApi.getAllFilesBynotificationId()[pri:0, instance:com.ripplestreet.AllGetApis.PreSignedURLControllerGetApi@38604b81]" name="getAllFilesBynotificationId" class="com.ripplestreet.AllGetApis.PreSignedURLControllerGetApi"/>
        <method signature="RecipientsController.GetAllRecipientForCampaignId()[pri:0, instance:com.ripplestreet.AllGetApis.RecipientsController@1ab06251]" name="GetAllRecipientForCampaignId" class="com.ripplestreet.AllGetApis.RecipientsController"/>
        <method signature="TemplateControllerGetApi.AllEmailList()[pri:0, instance:com.ripplestreet.AllGetApis.TemplateControllerGetApi@7fbdb894]" name="AllEmailList" class="com.ripplestreet.AllGetApis.TemplateControllerGetApi"/>
        <method signature="TemplateControllerGetApi.DownloadCSVLoader()[pri:0, instance:com.ripplestreet.AllGetApis.TemplateControllerGetApi@7fbdb894]" name="DownloadCSVLoader" class="com.ripplestreet.AllGetApis.TemplateControllerGetApi"/>
        <method signature="TemplateControllerGetApi.GetTemplateListByTransactionalTypeAndEventId()[pri:0, instance:com.ripplestreet.AllGetApis.TemplateControllerGetApi@7fbdb894]" name="GetTemplateListByTransactionalTypeAndEventId" class="com.ripplestreet.AllGetApis.TemplateControllerGetApi"/>
        <method signature="TemplateControllerGetApi.GettemplateByTrasactionalType()[pri:0, instance:com.ripplestreet.AllGetApis.TemplateControllerGetApi@7fbdb894]" name="GettemplateByTrasactionalType" class="com.ripplestreet.AllGetApis.TemplateControllerGetApi"/>
        <method signature="TemplateControllerGetApi.PreviewTemplateContent()[pri:0, instance:com.ripplestreet.AllGetApis.TemplateControllerGetApi@7fbdb894]" name="PreviewTemplateContent" class="com.ripplestreet.AllGetApis.TemplateControllerGetApi"/>
        <method signature="TemplateControllerGetApi.getTransactionalTemplateById()[pri:0, instance:com.ripplestreet.AllGetApis.TemplateControllerGetApi@7fbdb894]" name="getTransactionalTemplateById" class="com.ripplestreet.AllGetApis.TemplateControllerGetApi"/>
        <method signature="TemplateControllerGetApi.template()[pri:0, instance:com.ripplestreet.AllGetApis.TemplateControllerGetApi@7fbdb894]" name="template" class="com.ripplestreet.AllGetApis.TemplateControllerGetApi"/>
      </group> <!-- notification -->
      <group name="common-service">
        <method signature="CommonServiceFeedControllerGeApi.getAllFeedsForEvents()[pri:0, instance:com.ripplestreet.AllGetApis.CommonServiceFeedControllerGeApi@17d88132]" name="getAllFeedsForEvents" class="com.ripplestreet.AllGetApis.CommonServiceFeedControllerGeApi"/>
        <method signature="ReceiptControllerGetApi.getReceiptList()[pri:0, instance:com.ripplestreet.AllGetApis.ReceiptControllerGetApi@2d778add]" name="getReceiptList" class="com.ripplestreet.AllGetApis.ReceiptControllerGetApi"/>
        <method signature="ReceiptControllerGetApi.getReceiptRecordWithData()[pri:0, instance:com.ripplestreet.AllGetApis.ReceiptControllerGetApi@2d778add]" name="getReceiptRecordWithData" class="com.ripplestreet.AllGetApis.ReceiptControllerGetApi"/>
        <method signature="jobControllerGetApi.getAllJobByTypeAndId()[pri:0, instance:com.ripplestreet.AllGetApis.jobControllerGetApi@4671115f]" name="getAllJobByTypeAndId" class="com.ripplestreet.AllGetApis.jobControllerGetApi"/>
        <method signature="jobControllerGetApi.getAllListOfJobsBySourcetype()[pri:0, instance:com.ripplestreet.AllGetApis.jobControllerGetApi@4671115f]" name="getAllListOfJobsBySourcetype" class="com.ripplestreet.AllGetApis.jobControllerGetApi"/>
        <method signature="storesControllerGetApi.getAllStoreCollection()[pri:0, instance:com.ripplestreet.AllGetApis.storesControllerGetApi@291f18]" name="getAllStoreCollection" class="com.ripplestreet.AllGetApis.storesControllerGetApi"/>
        <method signature="storesControllerGetApi.getStoreListByCollectionName()[pri:0, instance:com.ripplestreet.AllGetApis.storesControllerGetApi@291f18]" name="getStoreListByCollectionName" class="com.ripplestreet.AllGetApis.storesControllerGetApi"/>
      </group> <!-- common-service -->
      <group name="activity-hub">
        <method signature="ActivityControllerGetApi.getActivity()[pri:0, instance:com.ripplestreet.AllGetApis.ActivityControllerGetApi@600b9d27]" name="getActivity" class="com.ripplestreet.AllGetApis.ActivityControllerGetApi"/>
        <method signature="ActivityControllerGetApi.getListOfActivities()[pri:0, instance:com.ripplestreet.AllGetApis.ActivityControllerGetApi@600b9d27]" name="getListOfActivities" class="com.ripplestreet.AllGetApis.ActivityControllerGetApi"/>
        <method signature="ActivityGroupControllerGetApi.GetActivityGroup()[pri:0, instance:com.ripplestreet.AllGetApis.ActivityGroupControllerGetApi@6f7923a5]" name="GetActivityGroup" class="com.ripplestreet.AllGetApis.ActivityGroupControllerGetApi"/>
        <method signature="ActivityGroupControllerGetApi.GetActivityGroupsByyEventId()[pri:0, instance:com.ripplestreet.AllGetApis.ActivityGroupControllerGetApi@6f7923a5]" name="GetActivityGroupsByyEventId" class="com.ripplestreet.AllGetApis.ActivityGroupControllerGetApi"/>
        <method signature="ActivityGroupControllerGetApi.GetListofActivityGroups()[pri:0, instance:com.ripplestreet.AllGetApis.ActivityGroupControllerGetApi@6f7923a5]" name="GetListofActivityGroups" class="com.ripplestreet.AllGetApis.ActivityGroupControllerGetApi"/>
        <method signature="MobileAppControllerGetApi.GetListOfMyActivities()[pri:0, instance:com.ripplestreet.AllGetApis.MobileAppControllerGetApi@3f67593e]" name="GetListOfMyActivities" class="com.ripplestreet.AllGetApis.MobileAppControllerGetApi"/>
        <method signature="TaskControllerGetApi.getListOfTasks()[pri:0, instance:com.ripplestreet.AllGetApis.TaskControllerGetApi@59e32960]" name="getListOfTasks" class="com.ripplestreet.AllGetApis.TaskControllerGetApi"/>
        <method signature="TaskControllerGetApi.getTask()[pri:0, instance:com.ripplestreet.AllGetApis.TaskControllerGetApi@59e32960]" name="getTask" class="com.ripplestreet.AllGetApis.TaskControllerGetApi"/>
        <method signature="ActivityControllerPutApi.ReopenActivity()[pri:0, instance:com.ripplestreet.AllPutApis.ActivityControllerPutApi@35645047]" name="ReopenActivity" class="com.ripplestreet.AllPutApis.ActivityControllerPutApi"/>
        <method signature="ActivityControllerPutApi.UpdateActivity()[pri:0, instance:com.ripplestreet.AllPutApis.ActivityControllerPutApi@35645047]" name="UpdateActivity" class="com.ripplestreet.AllPutApis.ActivityControllerPutApi"/>
        <method signature="ActivityGroupControllerPutApi.updateActivityGroup()[pri:0, instance:com.ripplestreet.AllPutApis.ActivityGroupControllerPutApi@5b67bb7e]" name="updateActivityGroup" class="com.ripplestreet.AllPutApis.ActivityGroupControllerPutApi"/>
        <method signature="TaskControllerPutApi.updateTask()[pri:0, instance:com.ripplestreet.AllPutApis.TaskControllerPutApi@54eb2b70]" name="updateTask" class="com.ripplestreet.AllPutApis.TaskControllerPutApi"/>
        <method signature="TrackerControllerGetApi.updateActivityTrackerstatuses()[pri:0, instance:com.ripplestreet.AllPutApis.TrackerControllerGetApi@45a37759]" name="updateActivityTrackerstatuses" class="com.ripplestreet.AllPutApis.TrackerControllerGetApi"/>
      </group> <!-- activity-hub -->
      <group name="benefits-platform">
        <method signature="AchievementControllerGetApi.GetListofAchievements()[pri:0, instance:com.ripplestreet.AllGetApis.AchievementControllerGetApi@768fc0f2]" name="GetListofAchievements" class="com.ripplestreet.AllGetApis.AchievementControllerGetApi"/>
        <method signature="AchievementControllerGetApi.GetListofAchievementsforTriggerId()[pri:0, instance:com.ripplestreet.AllGetApis.AchievementControllerGetApi@768fc0f2]" name="GetListofAchievementsforTriggerId" class="com.ripplestreet.AllGetApis.AchievementControllerGetApi"/>
        <method signature="AchievementControllerGetApi.getAchivements()[pri:0, instance:com.ripplestreet.AllGetApis.AchievementControllerGetApi@768fc0f2]" name="getAchivements" class="com.ripplestreet.AllGetApis.AchievementControllerGetApi"/>
        <method signature="AchievementProgramControllerGetApi.GetAchievementProgram()[pri:0, instance:com.ripplestreet.AllGetApis.AchievementProgramControllerGetApi@1efe439d]" name="GetAchievementProgram" class="com.ripplestreet.AllGetApis.AchievementProgramControllerGetApi"/>
        <method signature="AchievementProgramControllerGetApi.GetListOfAchievementProgramsforAchievementId()[pri:0, instance:com.ripplestreet.AllGetApis.AchievementProgramControllerGetApi@1efe439d]" name="GetListOfAchievementProgramsforAchievementId" class="com.ripplestreet.AllGetApis.AchievementProgramControllerGetApi"/>
        <method signature="AchievementProgramControllerGetApi.GetListofAchievementPrograms()[pri:0, instance:com.ripplestreet.AllGetApis.AchievementProgramControllerGetApi@1efe439d]" name="GetListofAchievementPrograms" class="com.ripplestreet.AllGetApis.AchievementProgramControllerGetApi"/>
        <method signature="BenefitControllerGetApi.GetListofBenefit()[pri:0, instance:com.ripplestreet.AllGetApis.BenefitControllerGetApi@50de186c]" name="GetListofBenefit" class="com.ripplestreet.AllGetApis.BenefitControllerGetApi"/>
        <method signature="UserAchievementControllerGetApi.getUserAchivmentsDetails()[pri:0, instance:com.ripplestreet.AllGetApis.UserAchievementControllerGetApi@82ea68c]" name="getUserAchivmentsDetails" class="com.ripplestreet.AllGetApis.UserAchievementControllerGetApi"/>
        <method signature="UserAchievementControllerGetApi.getUserProgramsDetailes()[pri:0, instance:com.ripplestreet.AllGetApis.UserAchievementControllerGetApi@82ea68c]" name="getUserProgramsDetailes" class="com.ripplestreet.AllGetApis.UserAchievementControllerGetApi"/>
        <method signature="AchivementControllerPutApi.updateAchivement()[pri:0, instance:com.ripplestreet.AllPutApis.AchivementControllerPutApi@7c214cc0]" name="updateAchivement" class="com.ripplestreet.AllPutApis.AchivementControllerPutApi"/>
        <method signature="AchivementProgrameControllerPutApi.updateAchivementPrograme()[pri:0, instance:com.ripplestreet.AllPutApis.AchivementProgrameControllerPutApi@3688eb5b]" name="updateAchivementPrograme" class="com.ripplestreet.AllPutApis.AchivementProgrameControllerPutApi"/>
        <method signature="BenefitControllerPutApi.updateBenefit()[pri:0, instance:com.ripplestreet.AllPutApis.BenefitControllerPutApi@5717c37]" name="updateBenefit" class="com.ripplestreet.AllPutApis.BenefitControllerPutApi"/>
      </group> <!-- benefits-platform -->
      <group name="event-campaign-manager">
        <method signature="AgencyControllerGetApi.findAllAgencies()[pri:0, instance:com.ripplestreet.AllGetApis.AgencyControllerGetApi@8e50104]" name="findAllAgencies" class="com.ripplestreet.AllGetApis.AgencyControllerGetApi"/>
        <method signature="AgencyControllerGetApi.getAgencyById()[pri:0, instance:com.ripplestreet.AllGetApis.AgencyControllerGetApi@8e50104]" name="getAgencyById" class="com.ripplestreet.AllGetApis.AgencyControllerGetApi"/>
        <method signature="AssetControllerGetApi.getAssetById()[pri:0, instance:com.ripplestreet.AllGetApis.AssetControllerGetApi@37e4d7bb]" name="getAssetById" class="com.ripplestreet.AllGetApis.AssetControllerGetApi"/>
        <method signature="CampaignControllerGetApi.findAllCampaingn()[pri:0, instance:com.ripplestreet.AllGetApis.CampaignControllerGetApi@6c2ed0cd]" name="findAllCampaingn" class="com.ripplestreet.AllGetApis.CampaignControllerGetApi"/>
        <method signature="CampaignControllerGetApi.findCampaignById()[pri:0, instance:com.ripplestreet.AllGetApis.CampaignControllerGetApi@6c2ed0cd]" name="findCampaignById" class="com.ripplestreet.AllGetApis.CampaignControllerGetApi"/>
        <method signature="ConfigurationController.getAllconfigs()[pri:0, instance:com.ripplestreet.AllGetApis.ConfigurationController@457c9034]" name="getAllconfigs" class="com.ripplestreet.AllGetApis.ConfigurationController"/>
        <method signature="CreativeControllerGetApi.FindHeroplaylistitemById()[pri:0, instance:com.ripplestreet.AllGetApis.CreativeControllerGetApi@7922d892]" name="FindHeroplaylistitemById" class="com.ripplestreet.AllGetApis.CreativeControllerGetApi"/>
        <method signature="CreativeControllerGetApi.FinfAllfavousByEventId()[pri:0, instance:com.ripplestreet.AllGetApis.CreativeControllerGetApi@7922d892]" name="FinfAllfavousByEventId" class="com.ripplestreet.AllGetApis.CreativeControllerGetApi"/>
        <method signature="CreativeControllerGetApi.finAllBannerByEventId()[pri:0, instance:com.ripplestreet.AllGetApis.CreativeControllerGetApi@7922d892]" name="finAllBannerByEventId" class="com.ripplestreet.AllGetApis.CreativeControllerGetApi"/>
        <method signature="CreativeControllerGetApi.findAllHeroPlaylistByModelId()[pri:0, instance:com.ripplestreet.AllGetApis.CreativeControllerGetApi@7922d892]" name="findAllHeroPlaylistByModelId" class="com.ripplestreet.AllGetApis.CreativeControllerGetApi"/>
        <method signature="CreativeControllerGetApi.findAllHeroPlaylistItemsByPlayListId()[pri:0, instance:com.ripplestreet.AllGetApis.CreativeControllerGetApi@7922d892]" name="findAllHeroPlaylistItemsByPlayListId" class="com.ripplestreet.AllGetApis.CreativeControllerGetApi"/>
        <method signature="CreativeControllerGetApi.findHeroPlaylistById()[pri:0, instance:com.ripplestreet.AllGetApis.CreativeControllerGetApi@7922d892]" name="findHeroPlaylistById" class="com.ripplestreet.AllGetApis.CreativeControllerGetApi"/>
        <method signature="CreativeControllerGetApi.getBannerByEventIdandId()[pri:0, instance:com.ripplestreet.AllGetApis.CreativeControllerGetApi@7922d892]" name="getBannerByEventIdandId" class="com.ripplestreet.AllGetApis.CreativeControllerGetApi"/>
        <method signature="CreativeControllerGetApi.getFavorByEventIdAndId()[pri:0, instance:com.ripplestreet.AllGetApis.CreativeControllerGetApi@7922d892]" name="getFavorByEventIdAndId" class="com.ripplestreet.AllGetApis.CreativeControllerGetApi"/>
        <method signature="DraftEventControllerGetApi.getDraftEventByEventId()[pri:0, instance:com.ripplestreet.AllGetApis.DraftEventControllerGetApi@455b6df1]" name="getDraftEventByEventId" class="com.ripplestreet.AllGetApis.DraftEventControllerGetApi"/>
        <method signature="DraftEventControllerGetApi.getListOfEventsBycampaignId()[pri:0, instance:com.ripplestreet.AllGetApis.DraftEventControllerGetApi@455b6df1]" name="getListOfEventsBycampaignId" class="com.ripplestreet.AllGetApis.DraftEventControllerGetApi"/>
        <method signature="EventDetailControllerGetApi.findAllMilestonesTypeByEventtypes()[pri:0, instance:com.ripplestreet.AllGetApis.EventDetailControllerGetApi@7d446ed1]" name="findAllMilestonesTypeByEventtypes" class="com.ripplestreet.AllGetApis.EventDetailControllerGetApi"/>
        <method signature="EventDetailControllerGetApi.findAllmileStonesByEvent()[pri:0, instance:com.ripplestreet.AllGetApis.EventDetailControllerGetApi@7d446ed1]" name="findAllmileStonesByEvent" class="com.ripplestreet.AllGetApis.EventDetailControllerGetApi"/>
        <method signature="EventDetailControllerGetApi.findMileStoneById()[pri:0, instance:com.ripplestreet.AllGetApis.EventDetailControllerGetApi@7d446ed1]" name="findMileStoneById" class="com.ripplestreet.AllGetApis.EventDetailControllerGetApi"/>
        <method signature="EventDetailControllerGetApi.getBasicEventDetailByEventID()[pri:0, instance:com.ripplestreet.AllGetApis.EventDetailControllerGetApi@7d446ed1]" name="getBasicEventDetailByEventID" class="com.ripplestreet.AllGetApis.EventDetailControllerGetApi"/>
        <method signature="EventDetailControllerGetApi.getListoftargetsByEventId()[pri:0, instance:com.ripplestreet.AllGetApis.EventDetailControllerGetApi@7d446ed1]" name="getListoftargetsByEventId" class="com.ripplestreet.AllGetApis.EventDetailControllerGetApi"/>
        <method signature="FAQcontrollerGetApi.FAQTopicByID()[pri:0, instance:com.ripplestreet.AllGetApis.FAQcontrollerGetApi@301eda63]" name="FAQTopicByID" class="com.ripplestreet.AllGetApis.FAQcontrollerGetApi"/>
        <method signature="FAQcontrollerGetApi.GetFAQDetailByEventIdforCommunity()[pri:0, instance:com.ripplestreet.AllGetApis.FAQcontrollerGetApi@301eda63]" name="GetFAQDetailByEventIdforCommunity" class="com.ripplestreet.AllGetApis.FAQcontrollerGetApi"/>
        <method signature="FAQcontrollerGetApi.GetlistofFaqTopicItemsbyFaqTopicId()[pri:0, instance:com.ripplestreet.AllGetApis.FAQcontrollerGetApi@301eda63]" name="GetlistofFaqTopicItemsbyFaqTopicId" class="com.ripplestreet.AllGetApis.FAQcontrollerGetApi"/>
        <method signature="FAQcontrollerGetApi.getFAQById()[pri:0, instance:com.ripplestreet.AllGetApis.FAQcontrollerGetApi@301eda63]" name="getFAQById" class="com.ripplestreet.AllGetApis.FAQcontrollerGetApi"/>
        <method signature="FAQcontrollerGetApi.getFAQTopicitemsById()[pri:0, instance:com.ripplestreet.AllGetApis.FAQcontrollerGetApi@301eda63]" name="getFAQTopicitemsById" class="com.ripplestreet.AllGetApis.FAQcontrollerGetApi"/>
        <method signature="FAQcontrollerGetApi.getFAQbyEventId()[pri:0, instance:com.ripplestreet.AllGetApis.FAQcontrollerGetApi@301eda63]" name="getFAQbyEventId" class="com.ripplestreet.AllGetApis.FAQcontrollerGetApi"/>
        <method signature="FAQcontrollerGetApi.getlistofFaqTopicbyFaqId()[pri:0, instance:com.ripplestreet.AllGetApis.FAQcontrollerGetApi@301eda63]" name="getlistofFaqTopicbyFaqId" class="com.ripplestreet.AllGetApis.FAQcontrollerGetApi"/>
        <method signature="LegalControllerGetApi.getLegalDesclaimer()[pri:0, instance:com.ripplestreet.AllGetApis.LegalControllerGetApi@3081f72c]" name="getLegalDesclaimer" class="com.ripplestreet.AllGetApis.LegalControllerGetApi"/>
        <method signature="MarketingGoalsControllerGetApi.getMarketingGoalsForEvent()[pri:0, instance:com.ripplestreet.AllGetApis.MarketingGoalsControllerGetApi@f107c50]" name="getMarketingGoalsForEvent" class="com.ripplestreet.AllGetApis.MarketingGoalsControllerGetApi"/>
        <method signature="ProductControllerGetApi.getListOfProdutsByEventID()[pri:0, instance:com.ripplestreet.AllGetApis.ProductControllerGetApi@46b61c56]" name="getListOfProdutsByEventID" class="com.ripplestreet.AllGetApis.ProductControllerGetApi"/>
        <method signature="ProductControllerGetApi.getProductsById()[pri:0, instance:com.ripplestreet.AllGetApis.ProductControllerGetApi@46b61c56]" name="getProductsById" class="com.ripplestreet.AllGetApis.ProductControllerGetApi"/>
        <method signature="RoleControllerGetApi.getListOfRoles()[pri:0, instance:com.ripplestreet.AllGetApis.RoleControllerGetApi@7daa0fbd]" name="getListOfRoles" class="com.ripplestreet.AllGetApis.RoleControllerGetApi"/>
        <method signature="RoleControllerGetApi.getLlistOfPeopleByRoleID()[pri:0, instance:com.ripplestreet.AllGetApis.RoleControllerGetApi@7daa0fbd]" name="getLlistOfPeopleByRoleID" class="com.ripplestreet.AllGetApis.RoleControllerGetApi"/>
        <method signature="SponserControllerGetApi.findAllsponsorAssetsbysponsorId()[pri:0, instance:com.ripplestreet.AllGetApis.SponserControllerGetApi@20c0a64d]" name="findAllsponsorAssetsbysponsorId" class="com.ripplestreet.AllGetApis.SponserControllerGetApi"/>
        <method signature="SponserControllerGetApi.findSponsorById()[pri:0, instance:com.ripplestreet.AllGetApis.SponserControllerGetApi@20c0a64d]" name="findSponsorById" class="com.ripplestreet.AllGetApis.SponserControllerGetApi"/>
        <method signature="SponserControllerGetApi.getAllSponsors()[pri:0, instance:com.ripplestreet.AllGetApis.SponserControllerGetApi@20c0a64d]" name="getAllSponsors" class="com.ripplestreet.AllGetApis.SponserControllerGetApi"/>
        <method signature="SurveyControllerGetApi.getAllLinksByEventId()[pri:0, instance:com.ripplestreet.AllGetApis.SurveyControllerGetApi@3d246ea3]" name="getAllLinksByEventId" class="com.ripplestreet.AllGetApis.SurveyControllerGetApi"/>
        <method signature="SurveyControllerGetApi.getSurveyListByEventIdAndPid()[pri:0, instance:com.ripplestreet.AllGetApis.SurveyControllerGetApi@3d246ea3]" name="getSurveyListByEventIdAndPid" class="com.ripplestreet.AllGetApis.SurveyControllerGetApi"/>
        <method signature="SurveyControllerGetApi.getSurveyStatusByEventIdAndPid()[pri:0, instance:com.ripplestreet.AllGetApis.SurveyControllerGetApi@3d246ea3]" name="getSurveyStatusByEventIdAndPid" class="com.ripplestreet.AllGetApis.SurveyControllerGetApi"/>
        <method signature="TargetsControllerGetApi.getAlltargets()[pri:0, instance:com.ripplestreet.AllGetApis.TargetsControllerGetApi@1583741e]" name="getAlltargets" class="com.ripplestreet.AllGetApis.TargetsControllerGetApi"/>
        <method signature="TrackableLinkcontrollerGetApi.findAllLinksForAnEvent()[pri:0, instance:com.ripplestreet.AllGetApis.TrackableLinkcontrollerGetApi@d771cc9]" name="findAllLinksForAnEvent" class="com.ripplestreet.AllGetApis.TrackableLinkcontrollerGetApi"/>
        <method signature="TrackableLinkcontrollerGetApi.getLinkById()[pri:0, instance:com.ripplestreet.AllGetApis.TrackableLinkcontrollerGetApi@d771cc9]" name="getLinkById" class="com.ripplestreet.AllGetApis.TrackableLinkcontrollerGetApi"/>
        <method signature="WorkFlowTemplateControllerGetApi.getEventWorkflowTemplateByEventId()[pri:0, instance:com.ripplestreet.AllGetApis.WorkFlowTemplateControllerGetApi@7d9e8ef7]" name="getEventWorkflowTemplateByEventId" class="com.ripplestreet.AllGetApis.WorkFlowTemplateControllerGetApi"/>
        <method signature="WorkFlowTemplateControllerGetApi.getListOfWorkFlowTemplates()[pri:0, instance:com.ripplestreet.AllGetApis.WorkFlowTemplateControllerGetApi@7d9e8ef7]" name="getListOfWorkFlowTemplates" class="com.ripplestreet.AllGetApis.WorkFlowTemplateControllerGetApi"/>
        <method signature="WorkFlowTemplateControllerGetApi.getStepFunctionByArn()[pri:0, instance:com.ripplestreet.AllGetApis.WorkFlowTemplateControllerGetApi@7d9e8ef7]" name="getStepFunctionByArn" class="com.ripplestreet.AllGetApis.WorkFlowTemplateControllerGetApi"/>
        <method signature="AgencyControllerPutApi.updateAgency()[pri:0, instance:com.ripplestreet.AllPutApis.AgencyControllerPutApi@5a3bc7ed]" name="updateAgency" class="com.ripplestreet.AllPutApis.AgencyControllerPutApi"/>
        <method signature="AssetControllerPutApi.softDeleteByAssetId()[pri:0, instance:com.ripplestreet.AllPutApis.AssetControllerPutApi@51549490]" name="softDeleteByAssetId" class="com.ripplestreet.AllPutApis.AssetControllerPutApi"/>
        <method signature="CampaignControllerPutApi.updateCampaign()[pri:0, instance:com.ripplestreet.AllPutApis.CampaignControllerPutApi@60410cd]" name="updateCampaign" class="com.ripplestreet.AllPutApis.CampaignControllerPutApi"/>
        <method signature="CreativeControllerPutApi.ReOrganizeHeroPlayListItems()[pri:0, instance:com.ripplestreet.AllPutApis.CreativeControllerPutApi@1e8b7643]" name="ReOrganizeHeroPlayListItems" class="com.ripplestreet.AllPutApis.CreativeControllerPutApi"/>
        <method signature="CreativeControllerPutApi.UpdateHeroPlayListItems()[pri:0, instance:com.ripplestreet.AllPutApis.CreativeControllerPutApi@1e8b7643]" name="UpdateHeroPlayListItems" class="com.ripplestreet.AllPutApis.CreativeControllerPutApi"/>
        <method signature="CreativeControllerPutApi.reOrganizeFavors()[pri:0, instance:com.ripplestreet.AllPutApis.CreativeControllerPutApi@1e8b7643]" name="reOrganizeFavors" class="com.ripplestreet.AllPutApis.CreativeControllerPutApi"/>
        <method signature="CreativeControllerPutApi.updateBannerIdandEventId()[pri:0, instance:com.ripplestreet.AllPutApis.CreativeControllerPutApi@1e8b7643]" name="updateBannerIdandEventId" class="com.ripplestreet.AllPutApis.CreativeControllerPutApi"/>
        <method signature="CreativeControllerPutApi.updateFavors()[pri:0, instance:com.ripplestreet.AllPutApis.CreativeControllerPutApi@1e8b7643]" name="updateFavors" class="com.ripplestreet.AllPutApis.CreativeControllerPutApi"/>
        <method signature="DraftEventControllerPutApi.updateDraftEvent()[pri:0, instance:com.ripplestreet.AllPutApis.DraftEventControllerPutApi@7ceb3185]" name="updateDraftEvent" class="com.ripplestreet.AllPutApis.DraftEventControllerPutApi"/>
        <method signature="EventDetailControllerPutApi.UpdateEventTarget()[pri:0, instance:com.ripplestreet.AllPutApis.EventDetailControllerPutApi@73302995]" name="UpdateEventTarget" class="com.ripplestreet.AllPutApis.EventDetailControllerPutApi"/>
        <method signature="EventDetailControllerPutApi.addEventBasicDetail()[pri:0, instance:com.ripplestreet.AllPutApis.EventDetailControllerPutApi@73302995]" name="addEventBasicDetail" class="com.ripplestreet.AllPutApis.EventDetailControllerPutApi"/>
        <method signature="EventDetailControllerPutApi.updateeventEventMileStones()[pri:0, instance:com.ripplestreet.AllPutApis.EventDetailControllerPutApi@73302995]" name="updateeventEventMileStones" class="com.ripplestreet.AllPutApis.EventDetailControllerPutApi"/>
        <method signature="FAQSControllerPutApi.updateFAQ()[pri:0, instance:com.ripplestreet.AllPutApis.FAQSControllerPutApi@59e505b2]" name="updateFAQ" class="com.ripplestreet.AllPutApis.FAQSControllerPutApi"/>
        <method signature="FAQSControllerPutApi.updateFAQTopicItems()[pri:0, instance:com.ripplestreet.AllPutApis.FAQSControllerPutApi@59e505b2]" name="updateFAQTopicItems" class="com.ripplestreet.AllPutApis.FAQSControllerPutApi"/>
        <method signature="FAQSControllerPutApi.updateFAQTopics()[pri:0, instance:com.ripplestreet.AllPutApis.FAQSControllerPutApi@59e505b2]" name="updateFAQTopics" class="com.ripplestreet.AllPutApis.FAQSControllerPutApi"/>
        <method signature="LegalControllerPutrApi.updateLegalDisclaimer()[pri:0, instance:com.ripplestreet.AllPutApis.LegalControllerPutrApi@1838ccb8]" name="updateLegalDisclaimer" class="com.ripplestreet.AllPutApis.LegalControllerPutrApi"/>
        <method signature="MarketingGoalsPutApi.updateMArketingGoalForEvent()[pri:0, instance:com.ripplestreet.AllPutApis.MarketingGoalsPutApi@6e005dc9]" name="updateMArketingGoalForEvent" class="com.ripplestreet.AllPutApis.MarketingGoalsPutApi"/>
        <method signature="SponsorControllerPutApi.updateSponser()[pri:0, instance:com.ripplestreet.AllPutApis.SponsorControllerPutApi@7393222f]" name="updateSponser" class="com.ripplestreet.AllPutApis.SponsorControllerPutApi"/>
        <method signature="TackableLinkControllerPutApi.updateLink()[pri:0, instance:com.ripplestreet.AllPutApis.TackableLinkControllerPutApi@5b367418]" name="updateLink" class="com.ripplestreet.AllPutApis.TackableLinkControllerPutApi"/>
      </group> <!-- event-campaign-manager -->
      <group name="community-service">
        <method signature="ApplicationControllerGetApi.getAllApplications()[pri:0, instance:com.ripplestreet.AllGetApis.ApplicationControllerGetApi@71e9ebae]" name="getAllApplications" class="com.ripplestreet.AllGetApis.ApplicationControllerGetApi"/>
        <method signature="AudienceControllerGetApi.getParticipantsWithApplicationsForEvent()[pri:0, instance:com.ripplestreet.AllGetApis.AudienceControllerGetApi@36cda2c2]" name="getParticipantsWithApplicationsForEvent" class="com.ripplestreet.AllGetApis.AudienceControllerGetApi"/>
        <method signature="AudiencePromotionControllerGetApi.getListOfAudiencePromotionJobsByEventId()[pri:0, instance:com.ripplestreet.AllGetApis.AudiencePromotionControllerGetApi@3697186]" name="getListOfAudiencePromotionJobsByEventId" class="com.ripplestreet.AllGetApis.AudiencePromotionControllerGetApi"/>
        <method signature="AudiencePromotionControllerGetApi.getListOfInviteOnlyUsersByEventId()[pri:0, instance:com.ripplestreet.AllGetApis.AudiencePromotionControllerGetApi@3697186]" name="getListOfInviteOnlyUsersByEventId" class="com.ripplestreet.AllGetApis.AudiencePromotionControllerGetApi"/>
        <method signature="CommunityControllerGetApi.GettingDetailOfHeadHostByPersonId()[pri:0, instance:com.ripplestreet.AllGetApis.CommunityControllerGetApi@1115ec15]" name="GettingDetailOfHeadHostByPersonId" class="com.ripplestreet.AllGetApis.CommunityControllerGetApi"/>
        <method signature="CommunityControllerGetApi.getAllAddressEntriesByPersonId()[pri:0, instance:com.ripplestreet.AllGetApis.CommunityControllerGetApi@1115ec15]" name="getAllAddressEntriesByPersonId" class="com.ripplestreet.AllGetApis.CommunityControllerGetApi"/>
        <method signature="CommunityControllerGetApi.getAllEventsByUserAndParticipantType()[pri:0, instance:com.ripplestreet.AllGetApis.CommunityControllerGetApi@1115ec15]" name="getAllEventsByUserAndParticipantType" class="com.ripplestreet.AllGetApis.CommunityControllerGetApi"/>
        <method signature="CommunityControllerGetApi.getAllUsersByEventAndParticipantType()[pri:0, instance:com.ripplestreet.AllGetApis.CommunityControllerGetApi@1115ec15]" name="getAllUsersByEventAndParticipantType" class="com.ripplestreet.AllGetApis.CommunityControllerGetApi"/>
        <method signature="CommunityControllerGetApi.getUserDetails()[pri:0, instance:com.ripplestreet.AllGetApis.CommunityControllerGetApi@1115ec15]" name="getUserDetails" class="com.ripplestreet.AllGetApis.CommunityControllerGetApi"/>
        <method signature="CommunityControllerGetApi.getUserEventParticipationBit()[pri:0, instance:com.ripplestreet.AllGetApis.CommunityControllerGetApi@1115ec15]" name="getUserEventParticipationBit" class="com.ripplestreet.AllGetApis.CommunityControllerGetApi"/>
        <method signature="CommunityControllerGetApi.getUserListByFilters()[pri:0, instance:com.ripplestreet.AllGetApis.CommunityControllerGetApi@1115ec15]" name="getUserListByFilters" class="com.ripplestreet.AllGetApis.CommunityControllerGetApi"/>
        <method signature="CommunityControllerGetApi.getUserParticipationBits()[pri:0, instance:com.ripplestreet.AllGetApis.CommunityControllerGetApi@1115ec15]" name="getUserParticipationBits" class="com.ripplestreet.AllGetApis.CommunityControllerGetApi"/>
        <method signature="CommunityControllerGetApi.getUserProfile()[pri:0, instance:com.ripplestreet.AllGetApis.CommunityControllerGetApi@1115ec15]" name="getUserProfile" class="com.ripplestreet.AllGetApis.CommunityControllerGetApi"/>
        <method signature="EnrollmentControllerGetApi.EnrollmentList()[pri:0, instance:com.ripplestreet.AllGetApis.EnrollmentControllerGetApi@6f19ac19]" name="EnrollmentList" class="com.ripplestreet.AllGetApis.EnrollmentControllerGetApi"/>
        <method signature="EnrollmentControllerGetApi.GetUserEnrollments()[pri:0, instance:com.ripplestreet.AllGetApis.EnrollmentControllerGetApi@6f19ac19]" name="GetUserEnrollments" class="com.ripplestreet.AllGetApis.EnrollmentControllerGetApi"/>
        <method signature="IntrestesControllerGetApi.Allcategorieslist()[pri:0, instance:com.ripplestreet.AllGetApis.IntrestesControllerGetApi@2d6c53fc]" name="Allcategorieslist" class="com.ripplestreet.AllGetApis.IntrestesControllerGetApi"/>
        <method signature="IntrestesControllerGetApi.getUserInterestByPersonId()[pri:0, instance:com.ripplestreet.AllGetApis.IntrestesControllerGetApi@2d6c53fc]" name="getUserInterestByPersonId" class="com.ripplestreet.AllGetApis.IntrestesControllerGetApi"/>
        <method signature="MobileCommunityControllerGetApi.getActiveEventsDetailForUser()[pri:0, instance:com.ripplestreet.AllGetApis.MobileCommunityControllerGetApi@babafc2]" name="getActiveEventsDetailForUser" class="com.ripplestreet.AllGetApis.MobileCommunityControllerGetApi"/>
        <method signature="MobileCommunityControllerGetApi.getAllEventsByUserAndParticipantTypeApplicant()[pri:0, instance:com.ripplestreet.AllGetApis.MobileCommunityControllerGetApi@babafc2]" name="getAllEventsByUserAndParticipantTypeApplicant" class="com.ripplestreet.AllGetApis.MobileCommunityControllerGetApi"/>
        <method signature="PartyControllerGetApi.getlistofparties()[pri:0, instance:com.ripplestreet.AllGetApis.PartyControllerGetApi@3f57bcad]" name="getlistofparties" class="com.ripplestreet.AllGetApis.PartyControllerGetApi"/>
        <method signature="ReservationControllerGetApi.GetUserStatusCountbyEventId()[pri:0, instance:com.ripplestreet.AllGetApis.ReservationControllerGetApi@4b213651]" name="GetUserStatusCountbyEventId" class="com.ripplestreet.AllGetApis.ReservationControllerGetApi"/>
        <method signature="UserStatusControllerGetApi.GetUserAndEventDataByEventIdandPersonId()[pri:0, instance:com.ripplestreet.AllGetApis.UserStatusControllerGetApi@43b9fd5]" name="GetUserAndEventDataByEventIdandPersonId" class="com.ripplestreet.AllGetApis.UserStatusControllerGetApi"/>
        <method signature="userFamilyControllerGetApi.getAllPetTypes()[pri:0, instance:com.ripplestreet.AllGetApis.userFamilyControllerGetApi@481ba2cf]" name="getAllPetTypes" class="com.ripplestreet.AllGetApis.userFamilyControllerGetApi"/>
        <method signature="userFamilyControllerGetApi.getAllPetsForUser()[pri:0, instance:com.ripplestreet.AllGetApis.userFamilyControllerGetApi@481ba2cf]" name="getAllPetsForUser" class="com.ripplestreet.AllGetApis.userFamilyControllerGetApi"/>
        <method signature="userFamilyControllerGetApi.getUserChildern()[pri:0, instance:com.ripplestreet.AllGetApis.userFamilyControllerGetApi@481ba2cf]" name="getUserChildern" class="com.ripplestreet.AllGetApis.userFamilyControllerGetApi"/>
        <method signature="ApplicationsControllerPutApi.updateApplications()[pri:0, instance:com.ripplestreet.AllPutApis.ApplicationsControllerPutApi@1e44b638]" name="updateApplications" class="com.ripplestreet.AllPutApis.ApplicationsControllerPutApi"/>
      </group> <!-- community-service -->
      <group name="segmentation">
        <method signature="AudienceSearchControllerGetApi.searchableFields()[pri:0, instance:com.ripplestreet.AllGetApis.AudienceSearchControllerGetApi@4ebff610]" name="searchableFields" class="com.ripplestreet.AllGetApis.AudienceSearchControllerGetApi"/>
        <method signature="SegmentationDataControllerGetApi.FindIfUserExistInGivenSegment()[pri:0, instance:com.ripplestreet.AllGetApis.SegmentationDataControllerGetApi@59cba5a]" name="FindIfUserExistInGivenSegment" class="com.ripplestreet.AllGetApis.SegmentationDataControllerGetApi"/>
        <method signature="SegmentationDataControllerGetApi.GetSegmentIdBySegmentName()[pri:0, instance:com.ripplestreet.AllGetApis.SegmentationDataControllerGetApi@59cba5a]" name="GetSegmentIdBySegmentName" class="com.ripplestreet.AllGetApis.SegmentationDataControllerGetApi"/>
        <method signature="SegmentationDataControllerGetApi.GetSegmentsOfaUser()[pri:0, instance:com.ripplestreet.AllGetApis.SegmentationDataControllerGetApi@59cba5a]" name="GetSegmentsOfaUser" class="com.ripplestreet.AllGetApis.SegmentationDataControllerGetApi"/>
        <method signature="SegmentationDataControllerGetApi.GetUserDetailsOfaSegment()[pri:0, instance:com.ripplestreet.AllGetApis.SegmentationDataControllerGetApi@59cba5a]" name="GetUserDetailsOfaSegment" class="com.ripplestreet.AllGetApis.SegmentationDataControllerGetApi"/>
        <method signature="SegmentationDataControllerGetApi.GetUsersOfaSegment()[pri:0, instance:com.ripplestreet.AllGetApis.SegmentationDataControllerGetApi@59cba5a]" name="GetUsersOfaSegment" class="com.ripplestreet.AllGetApis.SegmentationDataControllerGetApi"/>
        <method signature="SegmentationDefinitionControllerVersion2.getAllSegments()[pri:0, instance:com.ripplestreet.AllGetApis.SegmentationDefinitionControllerVersion2@36a5cabc]" name="getAllSegments" class="com.ripplestreet.AllGetApis.SegmentationDefinitionControllerVersion2"/>
        <method signature="SegmentationDefinitionControllerVersion2.getGetSegmentDefinitionByFolderIdAndSegmentId()[pri:0, instance:com.ripplestreet.AllGetApis.SegmentationDefinitionControllerVersion2@36a5cabc]" name="getGetSegmentDefinitionByFolderIdAndSegmentId" class="com.ripplestreet.AllGetApis.SegmentationDefinitionControllerVersion2"/>
        <method signature="SegmentationDefinitionControllerVersion2.getSegmentDefinitionById()[pri:0, instance:com.ripplestreet.AllGetApis.SegmentationDefinitionControllerVersion2@36a5cabc]" name="getSegmentDefinitionById" class="com.ripplestreet.AllGetApis.SegmentationDefinitionControllerVersion2"/>
        <method signature="SegmentationFolderControllerGetApi.GetSegmentFolderFromCampaignSegment()[pri:0, instance:com.ripplestreet.AllGetApis.SegmentationFolderControllerGetApi@95e33cc]" name="GetSegmentFolderFromCampaignSegment" class="com.ripplestreet.AllGetApis.SegmentationFolderControllerGetApi"/>
        <method signature="SegmentationFolderControllerGetApi.getAllSegmentFolder()[pri:0, instance:com.ripplestreet.AllGetApis.SegmentationFolderControllerGetApi@95e33cc]" name="getAllSegmentFolder" class="com.ripplestreet.AllGetApis.SegmentationFolderControllerGetApi"/>
        <method signature="SegmentationJobsControllerGetApi.getAllSegmentJobsForSegmentId()[pri:0, instance:com.ripplestreet.AllGetApis.SegmentationJobsControllerGetApi@20f5281c]" name="getAllSegmentJobsForSegmentId" class="com.ripplestreet.AllGetApis.SegmentationJobsControllerGetApi"/>
        <method signature="TriggerControllerGetApi.GetAllTriggers()[pri:0, instance:com.ripplestreet.AllGetApis.TriggerControllerGetApi@4ddbbdf8]" name="GetAllTriggers" class="com.ripplestreet.AllGetApis.TriggerControllerGetApi"/>
        <method signature="TriggerControllerGetApi.getTriggerDefinition()[pri:0, instance:com.ripplestreet.AllGetApis.TriggerControllerGetApi@4ddbbdf8]" name="getTriggerDefinition" class="com.ripplestreet.AllGetApis.TriggerControllerGetApi"/>
        <method signature="TriggerControllerGetApi.getTriggerInfoByTableNameAndOperation()[pri:0, instance:com.ripplestreet.AllGetApis.TriggerControllerGetApi@4ddbbdf8]" name="getTriggerInfoByTableNameAndOperation" class="com.ripplestreet.AllGetApis.TriggerControllerGetApi"/>
        <method signature="SegmentationDefinitionVersion2ControllerPutApi.UpdateASegment()[pri:0, instance:com.ripplestreet.AllPutApis.SegmentationDefinitionVersion2ControllerPutApi@25f4878b]" name="UpdateASegment" class="com.ripplestreet.AllPutApis.SegmentationDefinitionVersion2ControllerPutApi"/>
        <method signature="SegmentationDefinitionVersion2ControllerPutApi.refreshUserCountBySgment()[pri:0, instance:com.ripplestreet.AllPutApis.SegmentationDefinitionVersion2ControllerPutApi@25f4878b]" name="refreshUserCountBySgment" class="com.ripplestreet.AllPutApis.SegmentationDefinitionVersion2ControllerPutApi"/>
        <method signature="SegmentationFolderControllerPutApi.updateASegementfolder()[pri:0, instance:com.ripplestreet.AllPutApis.SegmentationFolderControllerPutApi@432038ec]" name="updateASegementfolder" class="com.ripplestreet.AllPutApis.SegmentationFolderControllerPutApi"/>
        <method signature="SegmentationJobControllerPutApi.createASegmentJob()[pri:0, instance:com.ripplestreet.AllPutApis.SegmentationJobControllerPutApi@6f44a157]" name="createASegmentJob" class="com.ripplestreet.AllPutApis.SegmentationJobControllerPutApi"/>
        <method signature="TriggerControllerPutApi.updateTriggerDefinition()[pri:0, instance:com.ripplestreet.AllPutApis.TriggerControllerPutApi@3af0a9da]" name="updateTriggerDefinition" class="com.ripplestreet.AllPutApis.TriggerControllerPutApi"/>
      </group> <!-- segmentation -->
      <group name="event">
        <method signature="DiscussionControllerGetApi.getDiscussion()[pri:0, instance:com.ripplestreet.AllGetApis.DiscussionControllerGetApi@ae3540e]" name="getDiscussion" class="com.ripplestreet.AllGetApis.DiscussionControllerGetApi"/>
        <method signature="DiscussionControllerGetApi.getDiscussionListByFilters()[pri:0, instance:com.ripplestreet.AllGetApis.DiscussionControllerGetApi@ae3540e]" name="getDiscussionListByFilters" class="com.ripplestreet.AllGetApis.DiscussionControllerGetApi"/>
        <method signature="EventControllerGetApi.getAllCurrentMileStoneByEvent()[pri:0, instance:com.ripplestreet.AllGetApis.EventControllerGetApi@56c4278e]" name="getAllCurrentMileStoneByEvent" class="com.ripplestreet.AllGetApis.EventControllerGetApi"/>
        <method signature="EventControllerGetApi.getAllEvents()[pri:0, instance:com.ripplestreet.AllGetApis.EventControllerGetApi@56c4278e]" name="getAllEvents" class="com.ripplestreet.AllGetApis.EventControllerGetApi"/>
        <method signature="EventControllerGetApi.getAllMileStonesByEvent()[pri:0, instance:com.ripplestreet.AllGetApis.EventControllerGetApi@56c4278e]" name="getAllMileStonesByEvent" class="com.ripplestreet.AllGetApis.EventControllerGetApi"/>
        <method signature="EventControllerGetApi.getAllProductByEvents()[pri:0, instance:com.ripplestreet.AllGetApis.EventControllerGetApi@56c4278e]" name="getAllProductByEvents" class="com.ripplestreet.AllGetApis.EventControllerGetApi"/>
        <method signature="EventControllerGetApi.getAllSubscriptionsByServiceName()[pri:0, instance:com.ripplestreet.AllGetApis.EventControllerGetApi@56c4278e]" name="getAllSubscriptionsByServiceName" class="com.ripplestreet.AllGetApis.EventControllerGetApi"/>
        <method signature="EventControllerGetApi.getEventById()[pri:0, instance:com.ripplestreet.AllGetApis.EventControllerGetApi@56c4278e]" name="getEventById" class="com.ripplestreet.AllGetApis.EventControllerGetApi"/>
        <method signature="EventFeedControllerGetApi.getAllFeedsForEvent()[pri:0, instance:com.ripplestreet.AllGetApis.EventFeedControllerGetApi@119cbf96]" name="getAllFeedsForEvent" class="com.ripplestreet.AllGetApis.EventFeedControllerGetApi"/>
        <method signature="EventFeedControllerGetApi.getCommentFeedByEventId()[pri:0, instance:com.ripplestreet.AllGetApis.EventFeedControllerGetApi@119cbf96]" name="getCommentFeedByEventId" class="com.ripplestreet.AllGetApis.EventFeedControllerGetApi"/>
        <method signature="EventFeedControllerGetApi.getFeedInfoById()[pri:0, instance:com.ripplestreet.AllGetApis.EventFeedControllerGetApi@119cbf96]" name="getFeedInfoById" class="com.ripplestreet.AllGetApis.EventFeedControllerGetApi"/>
        <method signature="EventFeedControllerGetApi.getPhotoFeedByEventId()[pri:0, instance:com.ripplestreet.AllGetApis.EventFeedControllerGetApi@119cbf96]" name="getPhotoFeedByEventId" class="com.ripplestreet.AllGetApis.EventFeedControllerGetApi"/>
        <method signature="EventFeedControllerGetApi.getReviewFeedByEventId()[pri:0, instance:com.ripplestreet.AllGetApis.EventFeedControllerGetApi@119cbf96]" name="getReviewFeedByEventId" class="com.ripplestreet.AllGetApis.EventFeedControllerGetApi"/>
        <method signature="EventControllerPutApi.updateComment()[pri:0, instance:com.ripplestreet.AllPutApis.EventControllerPutApi@41ab013]" name="updateComment" class="com.ripplestreet.AllPutApis.EventControllerPutApi"/>
        <method signature="EventControllerPutApi.updateEventPacksCount()[pri:0, instance:com.ripplestreet.AllPutApis.EventControllerPutApi@41ab013]" name="updateEventPacksCount" class="com.ripplestreet.AllPutApis.EventControllerPutApi"/>
        <method signature="EventControllerPutApi.updateEventSubscriptions()[pri:0, instance:com.ripplestreet.AllPutApis.EventControllerPutApi@41ab013]" name="updateEventSubscriptions" class="com.ripplestreet.AllPutApis.EventControllerPutApi"/>
        <method signature="EventFeedControllerPutApi.likeAfeedById()[pri:0, instance:com.ripplestreet.AllPutApis.EventFeedControllerPutApi@d278d2b]" name="likeAfeedById" class="com.ripplestreet.AllPutApis.EventFeedControllerPutApi"/>
        <method signature="EventControllerGetApi.getAllServices()[pri:5, instance:com.ripplestreet.AllGetApis.EventControllerGetApi@56c4278e]" name="getAllServices" class="com.ripplestreet.AllGetApis.EventControllerGetApi"/>
        <method signature="EventControllerGetApi.getAllSubscriptionsByEvent()[pri:6, instance:com.ripplestreet.AllGetApis.EventControllerGetApi@56c4278e]" name="getAllSubscriptionsByEvent" class="com.ripplestreet.AllGetApis.EventControllerGetApi"/>
        <method signature="EventControllerGetApi.getEventDetailBySlug()[pri:9, instance:com.ripplestreet.AllGetApis.EventControllerGetApi@56c4278e]" name="getEventDetailBySlug" class="com.ripplestreet.AllGetApis.EventControllerGetApi"/>
        <method signature="EventControllerGetApi.getProductDetailEventIdAndProductId()[pri:10, instance:com.ripplestreet.AllGetApis.EventControllerGetApi@56c4278e]" name="getProductDetailEventIdAndProductId" class="com.ripplestreet.AllGetApis.EventControllerGetApi"/>
        <method signature="EventControllerGetApi.getpackAndApplicationCountByEventId()[pri:11, instance:com.ripplestreet.AllGetApis.EventControllerGetApi@56c4278e]" name="getpackAndApplicationCountByEventId" class="com.ripplestreet.AllGetApis.EventControllerGetApi"/>
        <method signature="EventControllerGetApi.getByEventName()[pri:12, instance:com.ripplestreet.AllGetApis.EventControllerGetApi@56c4278e]" name="getByEventName" class="com.ripplestreet.AllGetApis.EventControllerGetApi"/>
        <method signature="EventControllerGetApi.getCurrentMileStonesByEvent()[pri:13, instance:com.ripplestreet.AllGetApis.EventControllerGetApi@56c4278e]" name="getCurrentMileStonesByEvent" class="com.ripplestreet.AllGetApis.EventControllerGetApi"/>
        <method signature="EventControllerGetApi.getEventDetailForWorkFlow()[pri:14, instance:com.ripplestreet.AllGetApis.EventControllerGetApi@56c4278e]" name="getEventDetailForWorkFlow" class="com.ripplestreet.AllGetApis.EventControllerGetApi"/>
      </group> <!-- event -->
      <group name="reward-service">
        <method signature="OptInsControllerGetApi.GetRewardCountByEventIdAndPreferenceforPerson()[pri:0, instance:com.ripplestreet.AllGetApis.OptInsControllerGetApi@79dc5318]" name="GetRewardCountByEventIdAndPreferenceforPerson" class="com.ripplestreet.AllGetApis.OptInsControllerGetApi"/>
        <method signature="OptInsControllerGetApi.getListOptInByEventId()[pri:0, instance:com.ripplestreet.AllGetApis.OptInsControllerGetApi@79dc5318]" name="getListOptInByEventId" class="com.ripplestreet.AllGetApis.OptInsControllerGetApi"/>
        <method signature="OptInsControllerGetApi.getOptInById()[pri:0, instance:com.ripplestreet.AllGetApis.OptInsControllerGetApi@79dc5318]" name="getOptInById" class="com.ripplestreet.AllGetApis.OptInsControllerGetApi"/>
        <method signature="OptinInflightActivationControllerGetApi.getAllocationTransientRecordByEventIdAndPersonId()[pri:0, instance:com.ripplestreet.AllGetApis.OptinInflightActivationControllerGetApi@69f1a286]" name="getAllocationTransientRecordByEventIdAndPersonId" class="com.ripplestreet.AllGetApis.OptinInflightActivationControllerGetApi"/>
        <method signature="OptinInflightActivationControllerGetApi.getListOfAllocationTransientRecordByEventId()[pri:0, instance:com.ripplestreet.AllGetApis.OptinInflightActivationControllerGetApi@69f1a286]" name="getListOfAllocationTransientRecordByEventId" class="com.ripplestreet.AllGetApis.OptinInflightActivationControllerGetApi"/>
        <method signature="RewardAllocationcontrollerGetApi.getRewardAllocation()[pri:0, instance:com.ripplestreet.AllGetApis.RewardAllocationcontrollerGetApi@42530531]" name="getRewardAllocation" class="com.ripplestreet.AllGetApis.RewardAllocationcontrollerGetApi"/>
        <method signature="RewardCatalogControllerGetAPi.getAllRewardCatalogItems()[pri:0, instance:com.ripplestreet.AllGetApis.RewardCatalogControllerGetAPi@3148f668]" name="getAllRewardCatalogItems" class="com.ripplestreet.AllGetApis.RewardCatalogControllerGetAPi"/>
        <method signature="RewardControllerGetApi.getAllReward()[pri:0, instance:com.ripplestreet.AllGetApis.RewardControllerGetApi@345f69f3]" name="getAllReward" class="com.ripplestreet.AllGetApis.RewardControllerGetApi"/>
        <method signature="RewardControllerGetApi.getReward()[pri:0, instance:com.ripplestreet.AllGetApis.RewardControllerGetApi@345f69f3]" name="getReward" class="com.ripplestreet.AllGetApis.RewardControllerGetApi"/>
        <method signature="RewardControllerGetApi.getRewardByName()[pri:0, instance:com.ripplestreet.AllGetApis.RewardControllerGetApi@345f69f3]" name="getRewardByName" class="com.ripplestreet.AllGetApis.RewardControllerGetApi"/>
        <method signature="RewardControllerGetApi.getRewardCount()[pri:0, instance:com.ripplestreet.AllGetApis.RewardControllerGetApi@345f69f3]" name="getRewardCount" class="com.ripplestreet.AllGetApis.RewardControllerGetApi"/>
        <method signature="RewardControllerGetApi.searchItems()[pri:0, instance:com.ripplestreet.AllGetApis.RewardControllerGetApi@345f69f3]" name="searchItems" class="com.ripplestreet.AllGetApis.RewardControllerGetApi"/>
        <method signature="RewardDeliveryControllerGetApi.getAllRewardDeliveriesByPersonId()[pri:0, instance:com.ripplestreet.AllGetApis.RewardDeliveryControllerGetApi@4241e0f4]" name="getAllRewardDeliveriesByPersonId" class="com.ripplestreet.AllGetApis.RewardDeliveryControllerGetApi"/>
        <method signature="RewardDeliveryControllerGetApi.getDeliverySystemAttributeValue()[pri:0, instance:com.ripplestreet.AllGetApis.RewardDeliveryControllerGetApi@4241e0f4]" name="getDeliverySystemAttributeValue" class="com.ripplestreet.AllGetApis.RewardDeliveryControllerGetApi"/>
        <method signature="RewardDeliveryControllerGetApi.getRewardDeleverie()[pri:0, instance:com.ripplestreet.AllGetApis.RewardDeliveryControllerGetApi@4241e0f4]" name="getRewardDeleverie" class="com.ripplestreet.AllGetApis.RewardDeliveryControllerGetApi"/>
        <method signature="RewardDeliveryControllerGetApi.getRewardDeleveries()[pri:0, instance:com.ripplestreet.AllGetApis.RewardDeliveryControllerGetApi@4241e0f4]" name="getRewardDeleveries" class="com.ripplestreet.AllGetApis.RewardDeliveryControllerGetApi"/>
        <method signature="RewardPreferencesControllerGetApi.getRewardPreferences()[pri:0, instance:com.ripplestreet.AllGetApis.RewardPreferencesControllerGetApi@20ca951f]" name="getRewardPreferences" class="com.ripplestreet.AllGetApis.RewardPreferencesControllerGetApi"/>
        <method signature="RewardsItemsControllerGetApi.getRewarditems()[pri:0, instance:com.ripplestreet.AllGetApis.RewardsItemsControllerGetApi@71329995]" name="getRewarditems" class="com.ripplestreet.AllGetApis.RewardsItemsControllerGetApi"/>
        <method signature="SwagControllerGetApi.getSwag()[pri:0, instance:com.ripplestreet.AllGetApis.SwagControllerGetApi@5ddcc487]" name="getSwag" class="com.ripplestreet.AllGetApis.SwagControllerGetApi"/>
        <method signature="SwagControllerGetApi.getSwagList()[pri:0, instance:com.ripplestreet.AllGetApis.SwagControllerGetApi@5ddcc487]" name="getSwagList" class="com.ripplestreet.AllGetApis.SwagControllerGetApi"/>
        <method signature="TremendouesControllerGetApi.getTremendousCampaigns()[pri:0, instance:com.ripplestreet.AllGetApis.TremendouesControllerGetApi@3561c410]" name="getTremendousCampaigns" class="com.ripplestreet.AllGetApis.TremendouesControllerGetApi"/>
        <method signature="TremendouesControllerGetApi.getTremendousFundingSources()[pri:0, instance:com.ripplestreet.AllGetApis.TremendouesControllerGetApi@3561c410]" name="getTremendousFundingSources" class="com.ripplestreet.AllGetApis.TremendouesControllerGetApi"/>
        <method signature="RewardAllocationControllerPutApi.UpdateAllocatedRewardItemStatus()[pri:0, instance:com.ripplestreet.AllPutApis.RewardAllocationControllerPutApi@5ef5c734]" name="UpdateAllocatedRewardItemStatus" class="com.ripplestreet.AllPutApis.RewardAllocationControllerPutApi"/>
        <method signature="RewardAllocationControllerPutApi.UpdateAllocatedRewardItemToReadyForDelevery()[pri:0, instance:com.ripplestreet.AllPutApis.RewardAllocationControllerPutApi@5ef5c734]" name="UpdateAllocatedRewardItemToReadyForDelevery" class="com.ripplestreet.AllPutApis.RewardAllocationControllerPutApi"/>
        <method signature="RewardAllocationControllerPutApi.updateRewarditemAllocation()[pri:0, instance:com.ripplestreet.AllPutApis.RewardAllocationControllerPutApi@5ef5c734]" name="updateRewarditemAllocation" class="com.ripplestreet.AllPutApis.RewardAllocationControllerPutApi"/>
        <method signature="RewardDeliveryControllerPutApi.UpdateDelveryitemstatus()[pri:0, instance:com.ripplestreet.AllPutApis.RewardDeliveryControllerPutApi@341814d3]" name="UpdateDelveryitemstatus" class="com.ripplestreet.AllPutApis.RewardDeliveryControllerPutApi"/>
        <method signature="RewardDeliveryControllerPutApi.createAndUpdateDeliverySystemAttributeValue()[pri:0, instance:com.ripplestreet.AllPutApis.RewardDeliveryControllerPutApi@341814d3]" name="createAndUpdateDeliverySystemAttributeValue" class="com.ripplestreet.AllPutApis.RewardDeliveryControllerPutApi"/>
        <method signature="RewardDeliveryControllerPutApi.triggerReadyToDeliverAllocations()[pri:0, instance:com.ripplestreet.AllPutApis.RewardDeliveryControllerPutApi@341814d3]" name="triggerReadyToDeliverAllocations" class="com.ripplestreet.AllPutApis.RewardDeliveryControllerPutApi"/>
        <method signature="RewardItemControllerPutApi.UpdateRewardIteams()[pri:0, instance:com.ripplestreet.AllPutApis.RewardItemControllerPutApi@5454d35e]" name="UpdateRewardIteams" class="com.ripplestreet.AllPutApis.RewardItemControllerPutApi"/>
        <method signature="RewardItemControllerPutApi.UpdateRewardItemsSkuAlliases()[pri:0, instance:com.ripplestreet.AllPutApis.RewardItemControllerPutApi@5454d35e]" name="UpdateRewardItemsSkuAlliases" class="com.ripplestreet.AllPutApis.RewardItemControllerPutApi"/>
        <method signature="RewardPreferencePutApi.updaterewardPreference()[pri:0, instance:com.ripplestreet.AllPutApis.RewardPreferencePutApi@36060e]" name="updaterewardPreference" class="com.ripplestreet.AllPutApis.RewardPreferencePutApi"/>
        <method signature="optInsControllerPutApi.UpdateOtpIn()[pri:0, instance:com.ripplestreet.AllPutApis.optInsControllerPutApi@4397ad89]" name="UpdateOtpIn" class="com.ripplestreet.AllPutApis.optInsControllerPutApi"/>
      </group> <!-- reward-service -->
    </groups>
    <test started-at="2023-07-11T14:10:01 IST" name="Test" finished-at="2023-07-11T14:17:43 IST" duration-ms="461800">
      <class name="com.ripplestreet.AllGetApis.TrackableLinkcontrollerGetApi">
        <test-method signature="findAllLinksForAnEvent()[pri:0, instance:com.ripplestreet.AllGetApis.TrackableLinkcontrollerGetApi@d771cc9]" started-at="2023-07-11T14:17:02 IST" name="findAllLinksForAnEvent" finished-at="2023-07-11T14:17:03 IST" duration-ms="1570" status="PASS">
          <reporter-output>
          </reporter-output>
        </test-method> <!-- findAllLinksForAnEvent -->
        <test-method is-config="true" signature="BaseURI()[pri:0, instance:com.ripplestreet.AllGetApis.TrackableLinkcontrollerGetApi@d771cc9]" started-at="2023-07-11T14:17:02 IST" name="BaseURI" finished-at="2023-07-11T14:17:02 IST" duration-ms="0" status="PASS">
          <reporter-output>
          </reporter-output>
        </test-method> <!-- BaseURI -->
        <test-method is-config="true" signature="StatusCode()[pri:0, instance:com.ripplestreet.AllGetApis.TrackableLinkcontrollerGetApi@d771cc9]" started-at="2023-07-11T14:17:03 IST" name="StatusCode" finished-at="2023-07-11T14:17:03 IST" duration-ms="295" status="PASS">
          <reporter-output>
          </reporter-output>
        </test-method> <!-- StatusCode -->
        <test-method signature="getLinkById()[pri:0, instance:com.ripplestreet.AllGetApis.TrackableLinkcontrollerGetApi@d771cc9]" started-at="2023-07-11T14:17:03 IST" name="getLinkById" finished-at="2023-07-11T14:17:05 IST" duration-ms="1565" status="PASS">
          <reporter-output>
          </reporter-output>
        </test-method> <!-- getLinkById -->
        <test-method is-config="true" signature="BaseURI()[pri:0, instance:com.ripplestreet.AllGetApis.TrackableLinkcontrollerGetApi@d771cc9]" started-at="2023-07-11T14:17:03 IST" name="BaseURI" finished-at="2023-07-11T14:17:03 IST" duration-ms="0" status="PASS">
          <reporter-output>
          </reporter-output>
        </test-method> <!-- BaseURI -->
        <test-method is-config="true" signature="StatusCode()[pri:0, instance:com.ripplestreet.AllGetApis.TrackableLinkcontrollerGetApi@d771cc9]" started-at="2023-07-11T14:17:05 IST" name="StatusCode" finished-at="2023-07-11T14:17:05 IST" duration-ms="311" status="PASS">
          <reporter-output>
          </reporter-output>
        </test-method> <!-- StatusCode -->
      </class> <!-- com.ripplestreet.AllGetApis.TrackableLinkcontrollerGetApi -->
      <class name="com.ripplestreet.AllGetApis.CommonServiceFeedControllerGeApi">
        <test-method signature="getAllFeedsForEvents()[pri:0, instance:com.ripplestreet.AllGetApis.CommonServiceFeedControllerGeApi@17d88132]" started-at="2023-07-11T14:16:46 IST" name="getAllFeedsForEvents" finished-at="2023-07-11T14:16:47 IST" duration-ms="1516" status="PASS">
          <reporter-output>
          </reporter-output>
        </test-method> <!-- getAllFeedsForEvents -->
        <test-method is-config="true" signature="BaseURI()[pri:0, instance:com.ripplestreet.AllGetApis.CommonServiceFeedControllerGeApi@17d88132]" started-at="2023-07-11T14:16:46 IST" name="BaseURI" finished-at="2023-07-11T14:16:46 IST" duration-ms="0" status="PASS">
          <reporter-output>
          </reporter-output>
        </test-method> <!-- BaseURI -->
        <test-method is-config="true" signature="StatusCode()[pri:0, instance:com.ripplestreet.AllGetApis.CommonServiceFeedControllerGeApi@17d88132]" started-at="2023-07-11T14:16:47 IST" name="StatusCode" finished-at="2023-07-11T14:16:47 IST" duration-ms="109" status="PASS">
          <reporter-output>
          </reporter-output>
        </test-method> <!-- StatusCode -->
      </class> <!-- com.ripplestreet.AllGetApis.CommonServiceFeedControllerGeApi -->
      <class name="com.ripplestreet.AllGetApis.AgencyControllerGetApi">
        <test-method signature="findAllAgencies()[pri:0, instance:com.ripplestreet.AllGetApis.AgencyControllerGetApi@8e50104]" started-at="2023-07-11T14:13:48 IST" name="findAllAgencies" finished-at="2023-07-11T14:13:49 IST" duration-ms="1462" status="PASS">
          <reporter-output>
          </reporter-output>
        </test-method> <!-- findAllAgencies -->
        <test-method is-config="true" signature="BaseURI()[pri:0, instance:com.ripplestreet.AllGetApis.AgencyControllerGetApi@8e50104]" started-at="2023-07-11T14:13:48 IST" name="BaseURI" finished-at="2023-07-11T14:13:48 IST" duration-ms="0" status="PASS">
          <reporter-output>
          </reporter-output>
        </test-method> <!-- BaseURI -->
        <test-method is-config="true" signature="StatusCode()[pri:0, instance:com.ripplestreet.AllGetApis.AgencyControllerGetApi@8e50104]" started-at="2023-07-11T14:13:49 IST" name="StatusCode" finished-at="2023-07-11T14:13:50 IST" duration-ms="321" status="PASS">
          <reporter-output>
          </reporter-output>
        </test-method> <!-- StatusCode -->
        <test-method is-config="true" signature="BaseURI()[pri:0, instance:com.ripplestreet.AllGetApis.AgencyControllerGetApi@8e50104]" started-at="2023-07-11T14:13:50 IST" name="BaseURI" finished-at="2023-07-11T14:13:50 IST" duration-ms="1" status="PASS">
          <reporter-output>
          </reporter-output>
        </test-method> <!-- BaseURI -->
        <test-method signature="getAgencyById()[pri:0, instance:com.ripplestreet.AllGetApis.AgencyControllerGetApi@8e50104]" started-at="2023-07-11T14:13:50 IST" name="getAgencyById" finished-at="2023-07-11T14:13:51 IST" duration-ms="1518" status="PASS">
          <reporter-output>
          </reporter-output>
        </test-method> <!-- getAgencyById -->
        <test-method is-config="true" signature="StatusCode()[pri:0, instance:com.ripplestreet.AllGetApis.AgencyControllerGetApi@8e50104]" started-at="2023-07-11T14:13:51 IST" name="StatusCode" finished-at="2023-07-11T14:13:51 IST" duration-ms="292" status="PASS">
          <reporter-output>
          </reporter-output>
        </test-method> <!-- StatusCode -->
      </class> <!-- com.ripplestreet.AllGetApis.AgencyControllerGetApi -->
      <class name="com.ripplestreet.AllPutApis.AgencyControllerPutApi">
        <test-method signature="updateAgency()[pri:0, instance:com.ripplestreet.AllPutApis.AgencyControllerPutApi@5a3bc7ed]" started-at="2023-07-11T14:16:22 IST" name="updateAgency" finished-at="2023-07-11T14:16:24 IST" duration-ms="1578" status="PASS">
          <reporter-output>
          </reporter-output>
        </test-method> <!-- updateAgency -->
        <test-method is-config="true" signature="BaseURI()[pri:0, instance:com.ripplestreet.AllPutApis.AgencyControllerPutApi@5a3bc7ed]" started-at="2023-07-11T14:16:22 IST" name="BaseURI" finished-at="2023-07-11T14:16:22 IST" duration-ms="0" status="PASS">
          <reporter-output>
          </reporter-output>
        </test-method> <!-- BaseURI -->
        <test-method is-config="true" signature="StatusCode()[pri:0, instance:com.ripplestreet.AllPutApis.AgencyControllerPutApi@5a3bc7ed]" started-at="2023-07-11T14:16:24 IST" name="StatusCode" finished-at="2023-07-11T14:16:24 IST" duration-ms="90" status="PASS">
          <reporter-output>
          </reporter-output>
        </test-method> <!-- StatusCode -->
      </class> <!-- com.ripplestreet.AllPutApis.AgencyControllerPutApi -->
      <class name="com.ripplestreet.AllGetApis.EventFeedControllerGetApi">
        <test-method signature="getAllFeedsForEvent()[pri:0, instance:com.ripplestreet.AllGetApis.EventFeedControllerGetApi@119cbf96]" started-at="2023-07-11T14:12:11 IST" name="getAllFeedsForEvent" finished-at="2023-07-11T14:12:18 IST" duration-ms="7156" status="PASS">
          <reporter-output>
          </reporter-output>
        </test-method> <!-- getAllFeedsForEvent -->
        <test-method is-config="true" signature="BaseURI()[pri:0, instance:com.ripplestreet.AllGetApis.EventFeedControllerGetApi@119cbf96]" started-at="2023-07-11T14:12:11 IST" name="BaseURI" finished-at="2023-07-11T14:12:11 IST" duration-ms="0" status="PASS">
          <reporter-output>
          </reporter-output>
        </test-method> <!-- BaseURI -->
        <test-method is-config="true" signature="StatusCode()[pri:0, instance:com.ripplestreet.AllGetApis.EventFeedControllerGetApi@119cbf96]" started-at="2023-07-11T14:12:18 IST" name="StatusCode" finished-at="2023-07-11T14:12:18 IST" duration-ms="96" status="PASS">
          <reporter-output>
          </reporter-output>
        </test-method> <!-- StatusCode -->
        <test-method signature="getCommentFeedByEventId()[pri:0, instance:com.ripplestreet.AllGetApis.EventFeedControllerGetApi@119cbf96]" started-at="2023-07-11T14:12:18 IST" name="getCommentFeedByEventId" finished-at="2023-07-11T14:12:26 IST" duration-ms="7380" status="PASS">
          <reporter-output>
          </reporter-output>
        </test-method> <!-- getCommentFeedByEventId -->
        <test-method is-config="true" signature="BaseURI()[pri:0, instance:com.ripplestreet.AllGetApis.EventFeedControllerGetApi@119cbf96]" started-at="2023-07-11T14:12:18 IST" name="BaseURI" finished-at="2023-07-11T14:12:18 IST" duration-ms="0" status="PASS">
          <reporter-output>
          </reporter-output>
        </test-method> <!-- BaseURI -->
        <test-method is-config="true" signature="StatusCode()[pri:0, instance:com.ripplestreet.AllGetApis.EventFeedControllerGetApi@119cbf96]" started-at="2023-07-11T14:12:26 IST" name="StatusCode" finished-at="2023-07-11T14:12:26 IST" duration-ms="124" status="PASS">
          <reporter-output>
          </reporter-output>
        </test-method> <!-- StatusCode -->
        <test-method signature="getFeedInfoById()[pri:0, instance:com.ripplestreet.AllGetApis.EventFeedControllerGetApi@119cbf96]" started-at="2023-07-11T14:12:26 IST" name="getFeedInfoById" finished-at="2023-07-11T14:12:27 IST" duration-ms="1405" status="PASS">
          <reporter-output>
          </reporter-output>
        </test-method> <!-- getFeedInfoById -->
        <test-method is-config="true" signature="BaseURI()[pri:0, instance:com.ripplestreet.AllGetApis.EventFeedControllerGetApi@119cbf96]" started-at="2023-07-11T14:12:26 IST" name="BaseURI" finished-at="2023-07-11T14:12:26 IST" duration-ms="0" status="PASS">
          <reporter-output>
          </reporter-output>
        </test-method> <!-- BaseURI -->
        <test-method is-config="true" signature="StatusCode()[pri:0, instance:com.ripplestreet.AllGetApis.EventFeedControllerGetApi@119cbf96]" started-at="2023-07-11T14:12:27 IST" name="StatusCode" finished-at="2023-07-11T14:12:27 IST" duration-ms="100" status="PASS">
          <reporter-output>
          </reporter-output>
        </test-method> <!-- StatusCode -->
        <test-method is-config="true" signature="BaseURI()[pri:0, instance:com.ripplestreet.AllGetApis.EventFeedControllerGetApi@119cbf96]" started-at="2023-07-11T14:12:27 IST" name="BaseURI" finished-at="2023-07-11T14:12:27 IST" duration-ms="1" status="PASS">
          <reporter-output>
          </reporter-output>
        </test-method> <!-- BaseURI -->
        <test-method signature="getPhotoFeedByEventId()[pri:0, instance:com.ripplestreet.AllGetApis.EventFeedControllerGetApi@119cbf96]" started-at="2023-07-11T14:12:27 IST" name="getPhotoFeedByEventId" finished-at="2023-07-11T14:12:29 IST" duration-ms="1434" status="PASS">
          <reporter-output>
          </reporter-output>
        </test-method> <!-- getPhotoFeedByEventId -->
        <test-method is-config="true" signature="StatusCode()[pri:0, instance:com.ripplestreet.AllGetApis.EventFeedControllerGetApi@119cbf96]" started-at="2023-07-11T14:12:29 IST" name="StatusCode" finished-at="2023-07-11T14:12:29 IST" duration-ms="112" status="PASS">
          <reporter-output>
          </reporter-output>
        </test-method> <!-- StatusCode -->
        <test-method signature="getReviewFeedByEventId()[pri:0, instance:com.ripplestreet.AllGetApis.EventFeedControllerGetApi@119cbf96]" started-at="2023-07-11T14:12:29 IST" name="getReviewFeedByEventId" finished-at="2023-07-11T14:12:30 IST" duration-ms="1523" status="PASS">
          <reporter-output>
          </reporter-output>
        </test-method> <!-- getReviewFeedByEventId -->
        <test-method is-config="true" signature="BaseURI()[pri:0, instance:com.ripplestreet.AllGetApis.EventFeedControllerGetApi@119cbf96]" started-at="2023-07-11T14:12:29 IST" name="BaseURI" finished-at="2023-07-11T14:12:29 IST" duration-ms="0" status="PASS">
          <reporter-output>
          </reporter-output>
        </test-method> <!-- BaseURI -->
        <test-method is-config="true" signature="StatusCode()[pri:0, instance:com.ripplestreet.AllGetApis.EventFeedControllerGetApi@119cbf96]" started-at="2023-07-11T14:12:30 IST" name="StatusCode" finished-at="2023-07-11T14:12:31 IST" duration-ms="110" status="PASS">
          <reporter-output>
          </reporter-output>
        </test-method> <!-- StatusCode -->
      </class> <!-- com.ripplestreet.AllGetApis.EventFeedControllerGetApi -->
      <class name="com.ripplestreet.AllGetApis.EventTemplateControllerGetApi">
        <test-method signature="findAllEventTemplate()[pri:0, instance:com.ripplestreet.AllGetApis.EventTemplateControllerGetApi@36b4091c]" started-at="2023-07-11T14:17:05 IST" name="findAllEventTemplate" finished-at="2023-07-11T14:17:07 IST" duration-ms="1511" status="PASS">
          <reporter-output>
          </reporter-output>
        </test-method> <!-- findAllEventTemplate -->
        <test-method is-config="true" signature="BaseURI()[pri:0, instance:com.ripplestreet.AllGetApis.EventTemplateControllerGetApi@36b4091c]" started-at="2023-07-11T14:17:05 IST" name="BaseURI" finished-at="2023-07-11T14:17:05 IST" duration-ms="0" status="PASS">
          <reporter-output>
          </reporter-output>
        </test-method> <!-- BaseURI -->
        <test-method is-config="true" signature="StatusCode()[pri:0, instance:com.ripplestreet.AllGetApis.EventTemplateControllerGetApi@36b4091c]" started-at="2023-07-11T14:17:07 IST" name="StatusCode" finished-at="2023-07-11T14:17:07 IST" duration-ms="363" status="PASS">
          <reporter-output>
          </reporter-output>
        </test-method> <!-- StatusCode -->
      </class> <!-- com.ripplestreet.AllGetApis.EventTemplateControllerGetApi -->
      <class name="com.ripplestreet.AllPutApis.FAQSControllerPutApi">
        <test-method is-config="true" signature="BaseURI()[pri:0, instance:com.ripplestreet.AllPutApis.FAQSControllerPutApi@59e505b2]" started-at="2023-07-11T14:13:34 IST" name="BaseURI" finished-at="2023-07-11T14:13:34 IST" duration-ms="1" status="PASS">
          <reporter-output>
          </reporter-output>
        </test-method> <!-- BaseURI -->
        <test-method signature="updateFAQ()[pri:0, instance:com.ripplestreet.AllPutApis.FAQSControllerPutApi@59e505b2]" started-at="2023-07-11T14:13:34 IST" name="updateFAQ" finished-at="2023-07-11T14:13:35 IST" duration-ms="1563" status="PASS">
          <reporter-output>
          </reporter-output>
        </test-method> <!-- updateFAQ -->
        <test-method is-config="true" signature="StatusCode()[pri:0, instance:com.ripplestreet.AllPutApis.FAQSControllerPutApi@59e505b2]" started-at="2023-07-11T14:13:35 IST" name="StatusCode" finished-at="2023-07-11T14:13:36 IST" duration-ms="321" status="PASS">
          <reporter-output>
          </reporter-output>
        </test-method> <!-- StatusCode -->
        <test-method is-config="true" signature="BaseURI()[pri:0, instance:com.ripplestreet.AllPutApis.FAQSControllerPutApi@59e505b2]" started-at="2023-07-11T14:13:36 IST" name="BaseURI" finished-at="2023-07-11T14:13:36 IST" duration-ms="1" status="PASS">
          <reporter-output>
          </reporter-output>
        </test-method> <!-- BaseURI -->
        <test-method signature="updateFAQTopicItems()[pri:0, instance:com.ripplestreet.AllPutApis.FAQSControllerPutApi@59e505b2]" started-at="2023-07-11T14:13:36 IST" name="updateFAQTopicItems" finished-at="2023-07-11T14:13:37 IST" duration-ms="1723" status="PASS">
          <reporter-output>
          </reporter-output>
        </test-method> <!-- updateFAQTopicItems -->
        <test-method is-config="true" signature="StatusCode()[pri:0, instance:com.ripplestreet.AllPutApis.FAQSControllerPutApi@59e505b2]" started-at="2023-07-11T14:13:37 IST" name="StatusCode" finished-at="2023-07-11T14:13:38 IST" duration-ms="304" status="PASS">
          <reporter-output>
          </reporter-output>
        </test-method> <!-- StatusCode -->
        <test-method signature="updateFAQTopics()[pri:0, instance:com.ripplestreet.AllPutApis.FAQSControllerPutApi@59e505b2]" started-at="2023-07-11T14:13:38 IST" name="updateFAQTopics" finished-at="2023-07-11T14:13:39 IST" duration-ms="1544" status="PASS">
          <reporter-output>
          </reporter-output>
        </test-method> <!-- updateFAQTopics -->
        <test-method is-config="true" signature="BaseURI()[pri:0, instance:com.ripplestreet.AllPutApis.FAQSControllerPutApi@59e505b2]" started-at="2023-07-11T14:13:38 IST" name="BaseURI" finished-at="2023-07-11T14:13:38 IST" duration-ms="0" status="PASS">
          <reporter-output>
          </reporter-output>
        </test-method> <!-- BaseURI -->
        <test-method is-config="true" signature="StatusCode()[pri:0, instance:com.ripplestreet.AllPutApis.FAQSControllerPutApi@59e505b2]" started-at="2023-07-11T14:13:39 IST" name="StatusCode" finished-at="2023-07-11T14:13:39 IST" duration-ms="224" status="PASS">
          <reporter-output>
          </reporter-output>
        </test-method> <!-- StatusCode -->
      </class> <!-- com.ripplestreet.AllPutApis.FAQSControllerPutApi -->
      <class name="com.ripplestreet.AllPutApis.TrackerControllerGetApi">
        <test-method signature="updateActivityTrackerstatuses()[pri:0, instance:com.ripplestreet.AllPutApis.TrackerControllerGetApi@45a37759]" started-at="2023-07-11T14:14:20 IST" name="updateActivityTrackerstatuses" finished-at="2023-07-11T14:14:22 IST" duration-ms="1559" status="PASS">
          <reporter-output>
          </reporter-output>
        </test-method> <!-- updateActivityTrackerstatuses -->
        <test-method is-config="true" signature="BaseURI()[pri:0, instance:com.ripplestreet.AllPutApis.TrackerControllerGetApi@45a37759]" started-at="2023-07-11T14:14:20 IST" name="BaseURI" finished-at="2023-07-11T14:14:20 IST" duration-ms="0" status="PASS">
          <reporter-output>
          </reporter-output>
        </test-method> <!-- BaseURI -->
        <test-method is-config="true" signature="StatusCode()[pri:0, instance:com.ripplestreet.AllPutApis.TrackerControllerGetApi@45a37759]" started-at="2023-07-11T14:14:22 IST" name="StatusCode" finished-at="2023-07-11T14:14:22 IST" duration-ms="89" status="PASS">
          <reporter-output>
          </reporter-output>
        </test-method> <!-- StatusCode -->
      </class> <!-- com.ripplestreet.AllPutApis.TrackerControllerGetApi -->
      <class name="com.ripplestreet.AllPutApis.ReceiptControllerPutApi">
[...]
          <reporter-output>
          </reporter-output>
        </test-method> <!-- StatusCode -->
      </class> <!-- com.ripplestreet.AllGetApis.SponserControllerGetApi -->
      <class name="com.ripplestreet.AllGetApis.RewardsItemsControllerGetApi">
        <test-method signature="getRewarditems()[pri:0, instance:com.ripplestreet.AllGetApis.RewardsItemsControllerGetApi@71329995]" started-at="2023-07-11T14:12:31 IST" name="getRewarditems" finished-at="2023-07-11T14:12:32 IST" duration-ms="1425" status="PASS">
          <reporter-output>
          </reporter-output>
        </test-method> <!-- getRewarditems -->
        <test-method is-config="true" signature="BaseURI()[pri:0, instance:com.ripplestreet.AllGetApis.RewardsItemsControllerGetApi@71329995]" started-at="2023-07-11T14:12:31 IST" name="BaseURI" finished-at="2023-07-11T14:12:31 IST" duration-ms="0" status="PASS">
          <reporter-output>
          </reporter-output>
        </test-method> <!-- BaseURI -->
        <test-method is-config="true" signature="StatusCode()[pri:0, instance:com.ripplestreet.AllGetApis.RewardsItemsControllerGetApi@71329995]" started-at="2023-07-11T14:12:32 IST" name="StatusCode" finished-at="2023-07-11T14:12:32 IST" duration-ms="115" status="PASS">
          <reporter-output>
          </reporter-output>
        </test-method> <!-- StatusCode -->
      </class> <!-- com.ripplestreet.AllGetApis.RewardsItemsControllerGetApi -->
      <class name="com.ripplestreet.AllPutApis.GameOptionsControllertPutApi">
        <test-method is-config="true" signature="BaseURI()[pri:0, instance:com.ripplestreet.AllPutApis.GameOptionsControllertPutApi@436c81a3]" started-at="2023-07-11T14:11:00 IST" name="BaseURI" finished-at="2023-07-11T14:11:00 IST" duration-ms="1" status="PASS">
          <reporter-output>
          </reporter-output>
        </test-method> <!-- BaseURI -->
        <test-method signature="updateOptionById()[pri:0, instance:com.ripplestreet.AllPutApis.GameOptionsControllertPutApi@436c81a3]" started-at="2023-07-11T14:11:00 IST" name="updateOptionById" finished-at="2023-07-11T14:11:01 IST" duration-ms="1615" status="PASS">
          <reporter-output>
          </reporter-output>
        </test-method> <!-- updateOptionById -->
        <test-method is-config="true" signature="StatusCode()[pri:0, instance:com.ripplestreet.AllPutApis.GameOptionsControllertPutApi@436c81a3]" started-at="2023-07-11T14:11:01 IST" name="StatusCode" finished-at="2023-07-11T14:11:02 IST" duration-ms="288" status="PASS">
          <reporter-output>
          </reporter-output>
        </test-method> <!-- StatusCode -->
      </class> <!-- com.ripplestreet.AllPutApis.GameOptionsControllertPutApi -->
      <class name="com.ripplestreet.AllPutApis.SegmentationDefinitionVersion2ControllerPutApi">
        <test-method is-config="true" signature="BaseURI()[pri:0, instance:com.ripplestreet.AllPutApis.SegmentationDefinitionVersion2ControllerPutApi@25f4878b]" started-at="2023-07-11T14:10:21 IST" name="BaseURI" finished-at="2023-07-11T14:10:21 IST" duration-ms="1" status="PASS">
          <reporter-output>
          </reporter-output>
        </test-method> <!-- BaseURI -->
        <test-method signature="UpdateASegment()[pri:0, instance:com.ripplestreet.AllPutApis.SegmentationDefinitionVersion2ControllerPutApi@25f4878b]" started-at="2023-07-11T14:10:21 IST" name="UpdateASegment" finished-at="2023-07-11T14:10:23 IST" duration-ms="1746" status="PASS">
          <reporter-output>
          </reporter-output>
        </test-method> <!-- UpdateASegment -->
        <test-method is-config="true" signature="StatusCode()[pri:0, instance:com.ripplestreet.AllPutApis.SegmentationDefinitionVersion2ControllerPutApi@25f4878b]" started-at="2023-07-11T14:10:23 IST" name="StatusCode" finished-at="2023-07-11T14:10:24 IST" duration-ms="411" status="PASS">
          <reporter-output>
          </reporter-output>
        </test-method> <!-- StatusCode -->
        <test-method signature="refreshUserCountBySgment()[pri:0, instance:com.ripplestreet.AllPutApis.SegmentationDefinitionVersion2ControllerPutApi@25f4878b]" started-at="2023-07-11T14:10:24 IST" name="refreshUserCountBySgment" finished-at="2023-07-11T14:10:25 IST" duration-ms="1734" status="PASS">
          <reporter-output>
          </reporter-output>
        </test-method> <!-- refreshUserCountBySgment -->
        <test-method is-config="true" signature="BaseURI()[pri:0, instance:com.ripplestreet.AllPutApis.SegmentationDefinitionVersion2ControllerPutApi@25f4878b]" started-at="2023-07-11T14:10:24 IST" name="BaseURI" finished-at="2023-07-11T14:10:24 IST" duration-ms="0" status="PASS">
          <reporter-output>
          </reporter-output>
        </test-method> <!-- BaseURI -->
        <test-method is-config="true" signature="StatusCode()[pri:0, instance:com.ripplestreet.AllPutApis.SegmentationDefinitionVersion2ControllerPutApi@25f4878b]" started-at="2023-07-11T14:10:25 IST" name="StatusCode" finished-at="2023-07-11T14:10:26 IST" duration-ms="407" status="PASS">
          <reporter-output>
          </reporter-output>
        </test-method> <!-- StatusCode -->
      </class> <!-- com.ripplestreet.AllPutApis.SegmentationDefinitionVersion2ControllerPutApi -->
      <class name="com.ripplestreet.AllGetApis.CampaignControllerGetApi">
        <test-method signature="findAllCampaingn()[pri:0, instance:com.ripplestreet.AllGetApis.CampaignControllerGetApi@6c2ed0cd]" started-at="2023-07-11T14:14:35 IST" name="findAllCampaingn" finished-at="2023-07-11T14:14:37 IST" duration-ms="1539" status="PASS">
          <reporter-output>
          </reporter-output>
        </test-method> <!-- findAllCampaingn -->
        <test-method is-config="true" signature="BaseURI()[pri:0, instance:com.ripplestreet.AllGetApis.CampaignControllerGetApi@6c2ed0cd]" started-at="2023-07-11T14:14:35 IST" name="BaseURI" finished-at="2023-07-11T14:14:35 IST" duration-ms="0" status="PASS">
          <reporter-output>
          </reporter-output>
        </test-method> <!-- BaseURI -->
        <test-method is-config="true" signature="StatusCode()[pri:0, instance:com.ripplestreet.AllGetApis.CampaignControllerGetApi@6c2ed0cd]" started-at="2023-07-11T14:14:37 IST" name="StatusCode" finished-at="2023-07-11T14:14:37 IST" duration-ms="618" status="PASS">
          <reporter-output>
          </reporter-output>
        </test-method> <!-- StatusCode -->
        <test-method signature="findCampaignById()[pri:0, instance:com.ripplestreet.AllGetApis.CampaignControllerGetApi@6c2ed0cd]" started-at="2023-07-11T14:14:37 IST" name="findCampaignById" finished-at="2023-07-11T14:14:39 IST" duration-ms="1528" status="PASS">
          <reporter-output>
          </reporter-output>
        </test-method> <!-- findCampaignById -->
        <test-method is-config="true" signature="BaseURI()[pri:0, instance:com.ripplestreet.AllGetApis.CampaignControllerGetApi@6c2ed0cd]" started-at="2023-07-11T14:14:37 IST" name="BaseURI" finished-at="2023-07-11T14:14:37 IST" duration-ms="0" status="PASS">
          <reporter-output>
          </reporter-output>
        </test-method> <!-- BaseURI -->
        <test-method is-config="true" signature="StatusCode()[pri:0, instance:com.ripplestreet.AllGetApis.CampaignControllerGetApi@6c2ed0cd]" started-at="2023-07-11T14:14:39 IST" name="StatusCode" finished-at="2023-07-11T14:14:39 IST" duration-ms="313" status="PASS">
          <reporter-output>
          </reporter-output>
        </test-method> <!-- StatusCode -->
      </class> <!-- com.ripplestreet.AllGetApis.CampaignControllerGetApi -->
      <class name="com.ripplestreet.AllGetApis.OptinInflightActivationControllerGetApi">
        <test-method is-config="true" signature="BaseURI()[pri:0, instance:com.ripplestreet.AllGetApis.OptinInflightActivationControllerGetApi@69f1a286]" started-at="2023-07-11T14:15:31 IST" name="BaseURI" finished-at="2023-07-11T14:15:31 IST" duration-ms="1" status="PASS">
          <reporter-output>
          </reporter-output>
        </test-method> <!-- BaseURI -->
        <test-method signature="getAllocationTransientRecordByEventIdAndPersonId()[pri:0, instance:com.ripplestreet.AllGetApis.OptinInflightActivationControllerGetApi@69f1a286]" started-at="2023-07-11T14:15:31 IST" name="getAllocationTransientRecordByEventIdAndPersonId" finished-at="2023-07-11T14:15:31 IST" duration-ms="540" status="PASS">
          <reporter-output>
          </reporter-output>
        </test-method> <!-- getAllocationTransientRecordByEventIdAndPersonId -->
        <test-method is-config="true" signature="StatusCode()[pri:0, instance:com.ripplestreet.AllGetApis.OptinInflightActivationControllerGetApi@69f1a286]" started-at="2023-07-11T14:15:31 IST" name="StatusCode" finished-at="2023-07-11T14:15:32 IST" duration-ms="119" status="PASS">
          <reporter-output>
          </reporter-output>
        </test-method> <!-- StatusCode -->
        <test-method signature="getListOfAllocationTransientRecordByEventId()[pri:0, instance:com.ripplestreet.AllGetApis.OptinInflightActivationControllerGetApi@69f1a286]" started-at="2023-07-11T14:15:32 IST" name="getListOfAllocationTransientRecordByEventId" finished-at="2023-07-11T14:15:32 IST" duration-ms="593" status="PASS">
          <reporter-output>
          </reporter-output>
        </test-method> <!-- getListOfAllocationTransientRecordByEventId -->
        <test-method is-config="true" signature="BaseURI()[pri:0, instance:com.ripplestreet.AllGetApis.OptinInflightActivationControllerGetApi@69f1a286]" started-at="2023-07-11T14:15:32 IST" name="BaseURI" finished-at="2023-07-11T14:15:32 IST" duration-ms="0" status="PASS">
          <reporter-output>
          </reporter-output>
        </test-method> <!-- BaseURI -->
        <test-method is-config="true" signature="StatusCode()[pri:0, instance:com.ripplestreet.AllGetApis.OptinInflightActivationControllerGetApi@69f1a286]" started-at="2023-07-11T14:15:32 IST" name="StatusCode" finished-at="2023-07-11T14:15:32 IST" duration-ms="90" status="PASS">
          <reporter-output>
          </reporter-output>
        </test-method> <!-- StatusCode -->
      </class> <!-- com.ripplestreet.AllGetApis.OptinInflightActivationControllerGetApi -->
      <class name="com.ripplestreet.AllGetApis.IntrestesControllerGetApi">
        <test-method is-config="true" signature="BaseURI()[pri:0, instance:com.ripplestreet.AllGetApis.IntrestesControllerGetApi@2d6c53fc]" started-at="2023-07-11T14:10:19 IST" name="BaseURI" finished-at="2023-07-11T14:10:19 IST" duration-ms="1" status="PASS">
          <reporter-output>
          </reporter-output>
        </test-method> <!-- BaseURI -->
        <test-method signature="Allcategorieslist()[pri:0, instance:com.ripplestreet.AllGetApis.IntrestesControllerGetApi@2d6c53fc]" started-at="2023-07-11T14:10:19 IST" name="Allcategorieslist" finished-at="2023-07-11T14:10:20 IST" duration-ms="662" status="PASS">
          <reporter-output>
          </reporter-output>
        </test-method> <!-- Allcategorieslist -->
        <test-method is-config="true" signature="StatusCode()[pri:0, instance:com.ripplestreet.AllGetApis.IntrestesControllerGetApi@2d6c53fc]" started-at="2023-07-11T14:10:20 IST" name="StatusCode" finished-at="2023-07-11T14:10:20 IST" duration-ms="508" status="PASS">
          <reporter-output>
          </reporter-output>
        </test-method> <!-- StatusCode -->
        <test-method is-config="true" signature="BaseURI()[pri:0, instance:com.ripplestreet.AllGetApis.IntrestesControllerGetApi@2d6c53fc]" started-at="2023-07-11T14:10:20 IST" name="BaseURI" finished-at="2023-07-11T14:10:20 IST" duration-ms="0" status="PASS">
          <reporter-output>
          </reporter-output>
        </test-method> <!-- BaseURI -->
        <test-method signature="getUserInterestByPersonId()[pri:0, instance:com.ripplestreet.AllGetApis.IntrestesControllerGetApi@2d6c53fc]" started-at="2023-07-11T14:10:20 IST" name="getUserInterestByPersonId" finished-at="2023-07-11T14:10:21 IST" duration-ms="608" status="PASS">
          <reporter-output>
          </reporter-output>
        </test-method> <!-- getUserInterestByPersonId -->
        <test-method is-config="true" signature="StatusCode()[pri:0, instance:com.ripplestreet.AllGetApis.IntrestesControllerGetApi@2d6c53fc]" started-at="2023-07-11T14:10:21 IST" name="StatusCode" finished-at="2023-07-11T14:10:21 IST" duration-ms="398" status="PASS">
          <reporter-output>
          </reporter-output>
        </test-method> <!-- StatusCode -->
      </class> <!-- com.ripplestreet.AllGetApis.IntrestesControllerGetApi -->
      <class name="com.ripplestreet.AllGetApis.SegmentationDataControllerGetApi">
        <test-method signature="FindIfUserExistInGivenSegment()[pri:0, instance:com.ripplestreet.AllGetApis.SegmentationDataControllerGetApi@59cba5a]" started-at="2023-07-11T14:11:58 IST" name="FindIfUserExistInGivenSegment" finished-at="2023-07-11T14:12:00 IST" duration-ms="1533" status="PASS">
          <reporter-output>
          </reporter-output>
        </test-method> <!-- FindIfUserExistInGivenSegment -->
        <test-method is-config="true" signature="BaseURI()[pri:0, instance:com.ripplestreet.AllGetApis.SegmentationDataControllerGetApi@59cba5a]" started-at="2023-07-11T14:11:58 IST" name="BaseURI" finished-at="2023-07-11T14:11:58 IST" duration-ms="0" status="PASS">
          <reporter-output>
          </reporter-output>
        </test-method> <!-- BaseURI -->
        <test-method is-config="true" signature="StatusCode()[pri:0, instance:com.ripplestreet.AllGetApis.SegmentationDataControllerGetApi@59cba5a]" started-at="2023-07-11T14:12:00 IST" name="StatusCode" finished-at="2023-07-11T14:12:00 IST" duration-ms="92" status="PASS">
          <reporter-output>
          </reporter-output>
        </test-method> <!-- StatusCode -->
        <test-method signature="GetSegmentIdBySegmentName()[pri:0, instance:com.ripplestreet.AllGetApis.SegmentationDataControllerGetApi@59cba5a]" started-at="2023-07-11T14:12:00 IST" name="GetSegmentIdBySegmentName" finished-at="2023-07-11T14:12:01 IST" duration-ms="1532" status="PASS">
          <reporter-output>
          </reporter-output>
        </test-method> <!-- GetSegmentIdBySegmentName -->
        <test-method is-config="true" signature="BaseURI()[pri:0, instance:com.ripplestreet.AllGetApis.SegmentationDataControllerGetApi@59cba5a]" started-at="2023-07-11T14:12:00 IST" name="BaseURI" finished-at="2023-07-11T14:12:00 IST" duration-ms="0" status="PASS">
          <reporter-output>
          </reporter-output>
        </test-method> <!-- BaseURI -->
        <test-method is-config="true" signature="StatusCode()[pri:0, instance:com.ripplestreet.AllGetApis.SegmentationDataControllerGetApi@59cba5a]" started-at="2023-07-11T14:12:01 IST" name="StatusCode" finished-at="2023-07-11T14:12:02 IST" duration-ms="124" status="PASS">
          <reporter-output>
          </reporter-output>
        </test-method> <!-- StatusCode -->
        <test-method signature="GetSegmentsOfaUser()[pri:0, instance:com.ripplestreet.AllGetApis.SegmentationDataControllerGetApi@59cba5a]" started-at="2023-07-11T14:12:02 IST" name="GetSegmentsOfaUser" finished-at="2023-07-11T14:12:03 IST" duration-ms="1515" status="PASS">
          <reporter-output>
          </reporter-output>
        </test-method> <!-- GetSegmentsOfaUser -->
        <test-method is-config="true" signature="BaseURI()[pri:0, instance:com.ripplestreet.AllGetApis.SegmentationDataControllerGetApi@59cba5a]" started-at="2023-07-11T14:12:02 IST" name="BaseURI" finished-at="2023-07-11T14:12:02 IST" duration-ms="0" status="PASS">
          <reporter-output>
          </reporter-output>
        </test-method> <!-- BaseURI -->
        <test-method is-config="true" signature="StatusCode()[pri:0, instance:com.ripplestreet.AllGetApis.SegmentationDataControllerGetApi@59cba5a]" started-at="2023-07-11T14:12:03 IST" name="StatusCode" finished-at="2023-07-11T14:12:03 IST" duration-ms="103" status="PASS">
          <reporter-output>
          </reporter-output>
        </test-method> <!-- StatusCode -->
        <test-method signature="GetUserDetailsOfaSegment()[pri:0, instance:com.ripplestreet.AllGetApis.SegmentationDataControllerGetApi@59cba5a]" started-at="2023-07-11T14:12:03 IST" name="GetUserDetailsOfaSegment" finished-at="2023-07-11T14:12:05 IST" duration-ms="1532" status="PASS">
          <reporter-output>
          </reporter-output>
        </test-method> <!-- GetUserDetailsOfaSegment -->
        <test-method is-config="true" signature="BaseURI()[pri:0, instance:com.ripplestreet.AllGetApis.SegmentationDataControllerGetApi@59cba5a]" started-at="2023-07-11T14:12:03 IST" name="BaseURI" finished-at="2023-07-11T14:12:03 IST" duration-ms="0" status="PASS">
          <reporter-output>
          </reporter-output>
        </test-method> <!-- BaseURI -->
        <test-method is-config="true" signature="StatusCode()[pri:0, instance:com.ripplestreet.AllGetApis.SegmentationDataControllerGetApi@59cba5a]" started-at="2023-07-11T14:12:05 IST" name="StatusCode" finished-at="2023-07-11T14:12:05 IST" duration-ms="120" status="PASS">
          <reporter-output>
          </reporter-output>
        </test-method> <!-- StatusCode -->
        <test-method signature="GetUsersOfaSegment()[pri:0, instance:com.ripplestreet.AllGetApis.SegmentationDataControllerGetApi@59cba5a]" started-at="2023-07-11T14:12:05 IST" name="GetUsersOfaSegment" finished-at="2023-07-11T14:12:06 IST" duration-ms="1528" status="PASS">
          <reporter-output>
          </reporter-output>
        </test-method> <!-- GetUsersOfaSegment -->
        <test-method is-config="true" signature="BaseURI()[pri:0, instance:com.ripplestreet.AllGetApis.SegmentationDataControllerGetApi@59cba5a]" started-at="2023-07-11T14:12:05 IST" name="BaseURI" finished-at="2023-07-11T14:12:05 IST" duration-ms="0" status="PASS">
          <reporter-output>
          </reporter-output>
        </test-method> <!-- BaseURI -->
        <test-method is-config="true" signature="StatusCode()[pri:0, instance:com.ripplestreet.AllGetApis.SegmentationDataControllerGetApi@59cba5a]" started-at="2023-07-11T14:12:06 IST" name="StatusCode" finished-at="2023-07-11T14:12:07 IST" duration-ms="128" status="PASS">
          <reporter-output>
          </reporter-output>
        </test-method> <!-- StatusCode -->
      </class> <!-- com.ripplestreet.AllGetApis.SegmentationDataControllerGetApi -->
      <class name="com.ripplestreet.AllPutApis.AchivementControllerPutApi">
        <test-method signature="updateAchivement()[pri:0, instance:com.ripplestreet.AllPutApis.AchivementControllerPutApi@7c214cc0]" started-at="2023-07-11T14:11:10 IST" name="updateAchivement" finished-at="2023-07-11T14:11:12 IST" duration-ms="1692" status="PASS">
          <reporter-output>
          </reporter-output>
        </test-method> <!-- updateAchivement -->
        <test-method is-config="true" signature="BaseURI()[pri:0, instance:com.ripplestreet.AllPutApis.AchivementControllerPutApi@7c214cc0]" started-at="2023-07-11T14:11:10 IST" name="BaseURI" finished-at="2023-07-11T14:11:10 IST" duration-ms="0" status="PASS">
          <reporter-output>
          </reporter-output>
        </test-method> <!-- BaseURI -->
        <test-method is-config="true" signature="StatusCode()[pri:0, instance:com.ripplestreet.AllPutApis.AchivementControllerPutApi@7c214cc0]" started-at="2023-07-11T14:11:12 IST" name="StatusCode" finished-at="2023-07-11T14:11:12 IST" duration-ms="293" status="PASS">
          <reporter-output>
          </reporter-output>
        </test-method> <!-- StatusCode -->
      </class> <!-- com.ripplestreet.AllPutApis.AchivementControllerPutApi -->
    </test> <!-- Test -->
  </suite> <!-- Suite -->
</testng-results>
